[ 2017-07-07T09:24:34+08:00 ] 127.0.0.1 /
SQL: SHOW COLUMNS FROM `onethink_category` [ RunTime:0.150439s ]
SQL: SELECT `id`,`name`,`title`,`pid`,`sort`,`list_row`,`meta_title`,`keywords`,`description`,`template_index`,`template_lists`,`template_detail`,`template_edit`,`model`,`type`,`link_id`,`allow_publish`,`display`,`reply`,`check`,`reply_model`,`extend`,`create_time`,`update_time`,`status`,`icon` FROM `onethink_category` WHERE ( `status` = 1 ) ORDER BY sort  [ RunTime:0.015806s ]
SQL: SHOW COLUMNS FROM `onethink_document` [ RunTime:0.104705s ]
SQL: SELECT `id`,`uid`,`name`,`title`,`category_id`,`description`,`root`,`pid`,`model_id`,`type`,`position`,`link_id`,`cover_id`,`display`,`deadline`,`attach`,`view`,`comment`,`extend`,`level`,`create_time`,`update_time`,`status` FROM `onethink_document` WHERE ( `status` = 1 ) AND ( `pid` = 0 ) AND ( `create_time` < 1499390672 ) AND ( deadline = 0 OR deadline > 1499390672 ) ORDER BY `id` DESC  [ RunTime:0.000698s ]
INFO: [ view_parse ] --START--
INFO: [ template_filter ] --START--
INFO: Run Behavior\ContentReplace [ RunTime:0.000094s ]
INFO: [ template_filter ] --END-- [ RunTime:0.000147s ]
SQL: SHOW COLUMNS FROM `onethink_channel` [ RunTime:0.062328s ]
SQL: SELECT `id`,`pid`,`title`,`url`,`sort`,`create_time`,`update_time`,`status`,`target` FROM `onethink_channel` WHERE ( status=1 ) ORDER BY sort  [ RunTime:0.000596s ]
SQL: SELECT `id`,`name`,`title`,`pid`,`sort`,`list_row`,`meta_title`,`keywords`,`description`,`template_index`,`template_lists`,`template_detail`,`template_edit`,`model`,`type`,`link_id`,`allow_publish`,`display`,`reply`,`check`,`reply_model`,`extend`,`create_time`,`update_time`,`status`,`icon` FROM `onethink_category` WHERE ( `id` = 1 ) LIMIT 1   [ RunTime:0.014234s ]
SQL: SELECT `id`,`name`,`pid`,`title`,`link_id` FROM `onethink_category` WHERE ( `status` = 1 ) ORDER BY sort  [ RunTime:0.000494s ]
INFO: [ view_parse ] --START--
INFO: [ template_filter ] --START--
INFO: Run Behavior\ContentReplace [ RunTime:0.000048s ]
INFO: [ template_filter ] --END-- [ RunTime:-0.175500s ]
INFO: Run Behavior\ParseTemplate [ RunTime:0.023782s ]
INFO: [ view_parse ] --END-- [ RunTime:0.023876s ]
INFO: [ view_filter ] --START--
INFO: Run Behavior\WriteHtmlCache [ RunTime:0.010227s ]
INFO: [ view_filter ] --END-- [ RunTime:0.010311s ]
SQL: SELECT `id`,`name`,`title`,`pid`,`sort`,`list_row`,`meta_title`,`keywords`,`description`,`template_index`,`template_lists`,`template_detail`,`template_edit`,`model`,`type`,`link_id`,`allow_publish`,`display`,`reply`,`check`,`reply_model`,`extend`,`create_time`,`update_time`,`status`,`icon` FROM `onethink_category` WHERE ( `id` = 1 ) LIMIT 1   [ RunTime:0.000665s ]
SQL: SELECT `id`,`name`,`pid`,`title`,`link_id` FROM `onethink_category` WHERE ( `status` = 1 ) ORDER BY sort  [ RunTime:0.000392s ]
SQL: SELECT `id`,`uid`,`name`,`title`,`category_id`,`description`,`root`,`pid`,`model_id`,`type`,`position`,`link_id`,`cover_id`,`display`,`deadline`,`attach`,`view`,`comment`,`extend`,`level`,`create_time`,`update_time`,`status` FROM `onethink_document` WHERE ( `status` = 1 ) AND ( `pid` = 0 ) AND ( `category_id` = 2 ) AND ( `create_time` < 1499390672 ) AND ( deadline = 0 OR deadline > 1499390672 ) ORDER BY `level` DESC,`id` DESC LIMIT 0,10   [ RunTime:0.000427s ]
INFO: Run Behavior\ParseTemplate [ RunTime:0.091391s ]
INFO: [ view_parse ] --END-- [ RunTime:0.023876s ]
INFO: [ view_filter ] --START--
INFO: Run Behavior\WriteHtmlCache [ RunTime:0.000018s ]
INFO: [ view_filter ] --END-- [ RunTime:-0.057309s ]
INFO: [ app_end ] --START--
INFO: Run Behavior\ShowPageTrace [ RunTime:0.009646s ]
INFO: [ app_end ] --END-- [ RunTime:0.009713s ]

[ 2017-07-07T09:24:44+08:00 ] 127.0.0.1 /index.php?s=/Admin/Public/login.html
INFO: [ view_parse ] --START--
INFO: [ template_filter ] --START--
INFO: Run Behavior\ContentReplace [ RunTime:0.000105s ]
INFO: [ template_filter ] --END-- [ RunTime:0.000193s ]
INFO: Run Behavior\ParseTemplate [ RunTime:0.041284s ]
INFO: [ view_parse ] --END-- [ RunTime:0.041661s ]
INFO: [ view_filter ] --START--
INFO: Run Behavior\WriteHtmlCache [ RunTime:0.000220s ]
INFO: [ view_filter ] --END-- [ RunTime:0.000268s ]
INFO: [ app_end ] --START--
INFO: Run Behavior\ShowPageTrace [ RunTime:0.000392s ]
INFO: [ app_end ] --END-- [ RunTime:0.000432s ]

[ 2017-07-07T09:24:54+08:00 ] 127.0.0.1 /index.php?s=/Admin/Public/login.html
INFO: [ app_begin ] --START--
INFO: Run Behavior\ReadHtmlCache [ RunTime:0.000578s ]
INFO: [ app_begin ] --END-- [ RunTime:0.001093s ]

[ 2017-07-07T09:25:03+08:00 ] 127.0.0.1 /index.php?s=/Admin/Public/login.html
INFO: [ app_begin ] --START--
INFO: Run Behavior\ReadHtmlCache [ RunTime:0.000543s ]
INFO: [ app_begin ] --END-- [ RunTime:0.001025s ]

[ 2017-07-07T09:25:09+08:00 ] 127.0.0.1 /index.php?s=/Admin/Public/login.html
INFO: [ app_begin ] --START--
INFO: Run Behavior\ReadHtmlCache [ RunTime:0.000525s ]
INFO: [ app_begin ] --END-- [ RunTime:0.000928s ]
SQL: SHOW COLUMNS FROM `onethink_ucenter_member` [ RunTime:0.078111s ]
SQL: SELECT * FROM `onethink_ucenter_member` WHERE ( `username` = 'admin' ) LIMIT 1   [ RunTime:0.000989s ]
SQL: UPDATE `onethink_ucenter_member` SET `last_login_time`=1499390709,`last_login_ip`='2130706433' WHERE ( `id` = 1 ) [ RunTime:0.014527s ]
SQL: SHOW COLUMNS FROM `onethink_member` [ RunTime:0.120787s ]
SQL: SELECT `uid`,`nickname`,`sex`,`birthday`,`qq`,`score`,`login`,`reg_ip`,`reg_time`,`last_login_ip`,`last_login_time`,`status` FROM `onethink_member` WHERE ( `uid` = 1 ) LIMIT 1   [ RunTime:0.000608s ]
SQL: SHOW COLUMNS FROM `onethink_action` [ RunTime:0.080911s ]
SQL: SELECT * FROM `onethink_action` WHERE ( `name` = 'user_login' ) LIMIT 1   [ RunTime:0.000647s ]
SQL: SHOW COLUMNS FROM `onethink_action_log` [ RunTime:0.173292s ]
SQL: INSERT INTO `onethink_action_log` (`action_id`,`user_id`,`action_ip`,`model`,`record_id`,`create_time`,`remark`) VALUES (1,1,2130706433,'member',1,1499390709,'admin在2017-07-07 09:25登录了后台') [ RunTime:0.036818s ]
SQL: SELECT * FROM `onethink_action` WHERE ( `name` = 'user_login' ) LIMIT 1   [ RunTime:0.000418s ]
NOTIC: [8] Undefined offset: 1 F:\onethink\Application\Common\Common\function.php 第 665 行.
NOTIC: [2] array_key_exists() expects parameter 2 to be array, null given F:\onethink\Application\Common\Common\function.php 第 665 行.
SQL: SELECT COUNT(*) AS tp_count FROM `onethink_action_log` WHERE ( `action_id` = 1 ) AND ( `user_id` = 1 ) AND ( `create_time` > 1499304309 ) LIMIT 1   [ RunTime:0.042809s ]
SQL: UPDATE `onethink_member` SET `login`=`login`+1,`last_login_time`=1499390709,`last_login_ip`='2130706433' WHERE ( `uid` = 1 ) [ RunTime:0.007325s ]

[ 2017-07-07T09:25:11+08:00 ] 127.0.0.1 /index.php?s=/Admin/Index/index.html
SQL: SHOW COLUMNS FROM `onethink_menu` [ RunTime:0.092694s ]
SQL: SELECT * FROM `onethink_menu` WHERE ( `pid` = 0 ) AND ( `hide` = 0 ) ORDER BY sort asc  [ RunTime:0.000753s ]
SQL: SELECT `id` FROM `onethink_menu` WHERE ( url like '%Index/index%' ) LIMIT 1   [ RunTime:0.000447s ]
SQL: SHOW COLUMNS FROM `onethink_menu` [ RunTime:0.007822s ]
SQL: SELECT `id`,`pid`,`title` FROM `onethink_menu` WHERE ( id=1 ) LIMIT 1   [ RunTime:0.000626s ]
SQL: SELECT DISTINCT  `group` FROM `onethink_menu` WHERE ( pid = 1 )  [ RunTime:0.017210s ]
SQL: SELECT `id`,`url` FROM `onethink_menu` WHERE ( `pid` = 1 ) AND ( `hide` = 0 )  [ RunTime:0.000512s ]
INFO: [ view_parse ] --START--
INFO: [ template_filter ] --START--
INFO: Run Behavior\ContentReplace [ RunTime:0.000110s ]
INFO: [ template_filter ] --END-- [ RunTime:0.000163s ]
INFO: [ AdminIndex ] --START--
SQL: SHOW COLUMNS FROM `onethink_addons` [ RunTime:0.084161s ]
SQL: SELECT `config` FROM `onethink_addons` WHERE ( `name` = 'SiteStat' ) AND ( `status` = 1 ) LIMIT 1   [ RunTime:0.000567s ]
SQL: SHOW COLUMNS FROM `onethink_member` [ RunTime:0.037925s ]
SQL: SELECT COUNT(*) AS tp_count FROM `onethink_member` LIMIT 1   [ RunTime:0.000453s ]
SQL: SHOW COLUMNS FROM `onethink_action_log` [ RunTime:0.036072s ]
SQL: SELECT COUNT(*) AS tp_count FROM `onethink_action_log` LIMIT 1   [ RunTime:0.000494s ]
SQL: SHOW COLUMNS FROM `onethink_document` [ RunTime:0.012549s ]
SQL: SELECT COUNT(*) AS tp_count FROM `onethink_document` LIMIT 1   [ RunTime:0.000438s ]
SQL: SHOW COLUMNS FROM `onethink_category` [ RunTime:0.010248s ]
SQL: SELECT COUNT(*) AS tp_count FROM `onethink_category` LIMIT 1   [ RunTime:0.000505s ]
SQL: SHOW COLUMNS FROM `onethink_model` [ RunTime:0.091806s ]
SQL: SELECT COUNT(*) AS tp_count FROM `onethink_model` LIMIT 1   [ RunTime:0.000435s ]
INFO: [ view_parse ] --START--
INFO: [ template_filter ] --START--
INFO: Run Behavior\ContentReplace [ RunTime:0.000049s ]
INFO: [ template_filter ] --END-- [ RunTime:-0.579703s ]
INFO: Run Behavior\ParseTemplate [ RunTime:0.108002s ]
INFO: [ view_parse ] --END-- [ RunTime:0.108099s ]
INFO: [ view_filter ] --START--
INFO: Run Behavior\WriteHtmlCache [ RunTime:0.000320s ]
INFO: [ view_filter ] --END-- [ RunTime:0.000391s ]
INFO: Run SiteStat [ RunTime:0.460509s ]
SQL: SELECT `config` FROM `onethink_addons` WHERE ( `name` = 'SystemInfo' ) AND ( `status` = 1 ) LIMIT 1   [ RunTime:0.000571s ]
INFO: [ view_parse ] --START--
INFO: [ template_filter ] --START--
INFO: Run Behavior\ContentReplace [ RunTime:0.000039s ]
INFO: [ template_filter ] --END-- [ RunTime:-0.872132s ]
SQL: select version() as v; [ RunTime:0.018182s ]
INFO: Run Behavior\ParseTemplate [ RunTime:0.096406s ]
INFO: [ view_parse ] --END-- [ RunTime:-0.255599s ]
INFO: [ view_filter ] --START--
INFO: Run Behavior\WriteHtmlCache [ RunTime:0.000011s ]
INFO: [ view_filter ] --END-- [ RunTime:-0.351642s ]
INFO: Run SystemInfo [ RunTime:0.351632s ]
SQL: SELECT `config` FROM `onethink_addons` WHERE ( `name` = 'DevTeam' ) AND ( `status` = 1 ) LIMIT 1   [ RunTime:0.000627s ]
INFO: [ view_parse ] --START--
INFO: [ template_filter ] --START--
INFO: Run Behavior\ContentReplace [ RunTime:0.000037s ]
INFO: [ template_filter ] --END-- [ RunTime:-0.981366s ]
INFO: Run Behavior\ParseTemplate [ RunTime:0.015032s ]
INFO: [ view_parse ] --END-- [ RunTime:-0.365829s ]
INFO: [ view_filter ] --START--
INFO: Run Behavior\WriteHtmlCache [ RunTime:0.000019s ]
INFO: [ view_filter ] --END-- [ RunTime:-0.380537s ]
INFO: Run DevTeam [ RunTime:0.028930s ]
INFO: [ AdminIndex ] --END-- [ RunTime:0.841192s ]
INFO: Run Behavior\ParseTemplate [ RunTime:0.015345s ]
INFO: [ view_parse ] --END-- [ RunTime:-0.365829s ]
INFO: [ view_filter ] --START--
INFO: Run Behavior\WriteHtmlCache [ RunTime:0.000015s ]
INFO: [ view_filter ] --END-- [ RunTime:-0.380813s ]
INFO: [ app_end ] --START--
INFO: Run Behavior\ShowPageTrace [ RunTime:0.000635s ]
INFO: [ app_end ] --END-- [ RunTime:0.000711s ]

[ 2017-07-07T09:26:30+08:00 ] 127.0.0.1 /index.php?s=/Admin/Center/index.html
SQL: SHOW COLUMNS FROM `onethink_menu` [ RunTime:0.036601s ]
SQL: SELECT * FROM `onethink_menu` WHERE ( `pid` = 0 ) AND ( `hide` = 0 ) ORDER BY sort asc  [ RunTime:0.000778s ]
SQL: SELECT `id` FROM `onethink_menu` WHERE ( url like '%Center/index%' ) LIMIT 1   [ RunTime:0.000478s ]
SQL: SHOW COLUMNS FROM `onethink_menu` [ RunTime:0.006140s ]
SQL: SELECT `id`,`pid`,`title` FROM `onethink_menu` WHERE ( id=122 ) LIMIT 1   [ RunTime:0.000540s ]
SQL: SELECT DISTINCT  `group` FROM `onethink_menu` WHERE ( pid = 122 )  [ RunTime:0.000687s ]
SQL: SELECT `id`,`url` FROM `onethink_menu` WHERE ( `pid` = 122 ) AND ( `hide` = 0 )  [ RunTime:0.000516s ]
SQL: SELECT `id`,`pid`,`title`,`url`,`tip` FROM `onethink_menu` WHERE ( `group` = '管理中心' ) AND ( `pid` = 122 ) AND ( `hide` = 0 ) ORDER BY sort asc  [ RunTime:0.000574s ]
INFO: [ view_parse ] --START--
INFO: [ template_filter ] --START--
INFO: Run Behavior\ContentReplace [ RunTime:0.000117s ]
INFO: [ template_filter ] --END-- [ RunTime:0.000171s ]
NOTIC: [8] Undefined variable: meta_title F:\onethink\Runtime\Cache\Admin\d39e51d7c14c2b28a9a0e8a9fb7b6dba.php 第 5 行.
INFO: Run Behavior\ParseTemplate [ RunTime:0.134005s ]
INFO: [ view_parse ] --END-- [ RunTime:0.134075s ]
INFO: [ view_filter ] --START--
INFO: Run Behavior\WriteHtmlCache [ RunTime:0.000201s ]
INFO: [ view_filter ] --END-- [ RunTime:0.000240s ]
INFO: [ app_end ] --START--
INFO: Run Behavior\ShowPageTrace [ RunTime:0.000371s ]
INFO: [ app_end ] --END-- [ RunTime:0.000412s ]

[ 2017-07-07T09:26:32+08:00 ] 127.0.0.1 /index.php?s=/Admin/Sale/index.html
SQL: SHOW COLUMNS FROM `onethink_menu` [ RunTime:0.012528s ]
SQL: SELECT * FROM `onethink_menu` WHERE ( `pid` = 0 ) AND ( `hide` = 0 ) ORDER BY sort asc  [ RunTime:0.001118s ]
SQL: SELECT `id` FROM `onethink_menu` WHERE ( url like '%Sale/index%' ) LIMIT 1   [ RunTime:0.000805s ]
SQL: SHOW COLUMNS FROM `onethink_menu` [ RunTime:0.012856s ]
SQL: SELECT `id`,`pid`,`title` FROM `onethink_menu` WHERE ( id=125 ) LIMIT 1   [ RunTime:0.001163s ]
SQL: SELECT `id`,`pid`,`title` FROM `onethink_menu` WHERE ( id=122 ) LIMIT 1   [ RunTime:0.001214s ]
SQL: SELECT DISTINCT  `group` FROM `onethink_menu` WHERE ( pid = 122 )  [ RunTime:0.001019s ]
SQL: SELECT `id`,`url` FROM `onethink_menu` WHERE ( `pid` = 122 ) AND ( `hide` = 0 )  [ RunTime:0.000734s ]
SQL: SELECT `id`,`pid`,`title`,`url`,`tip` FROM `onethink_menu` WHERE ( `group` = '管理中心' ) AND ( `pid` = 122 ) AND ( `hide` = 0 ) ORDER BY sort asc  [ RunTime:0.000771s ]
SQL: SHOW COLUMNS FROM `onethink_sale` [ RunTime:0.011355s ]
SQL: SELECT * FROM `onethink_sale`  [ RunTime:0.001177s ]
INFO: [ view_parse ] --START--
INFO: [ template_filter ] --START--
INFO: Run Behavior\ContentReplace [ RunTime:0.000145s ]
INFO: [ template_filter ] --END-- [ RunTime:0.000200s ]
NOTIC: [8] Undefined variable: meta_title F:\onethink\Runtime\Cache\Admin\48804f473ae4f64ec9121665b8286f36.php 第 5 行.
INFO: Run Behavior\ParseTemplate [ RunTime:0.160833s ]
INFO: [ view_parse ] --END-- [ RunTime:0.160889s ]
INFO: [ view_filter ] --START--
INFO: Run Behavior\WriteHtmlCache [ RunTime:0.000202s ]
INFO: [ view_filter ] --END-- [ RunTime:0.000239s ]
INFO: [ app_end ] --START--
INFO: Run Behavior\ShowPageTrace [ RunTime:0.000675s ]
INFO: [ app_end ] --END-- [ RunTime:0.000756s ]

[ 2017-07-07T09:26:35+08:00 ] 127.0.0.1 /index.php?s=/Admin/Sale/del/id/20.html
INFO: [ app_begin ] --START--
INFO: Run Behavior\ReadHtmlCache [ RunTime:0.000401s ]
INFO: [ app_begin ] --END-- [ RunTime:0.000721s ]
SQL: SHOW COLUMNS FROM `onethink_menu` [ RunTime:0.016275s ]
SQL: SELECT * FROM `onethink_menu` WHERE ( `pid` = 0 ) AND ( `hide` = 0 ) ORDER BY sort asc  [ RunTime:0.000786s ]
SQL: SELECT `id` FROM `onethink_menu` WHERE ( url like '%Sale/del%' ) LIMIT 1   [ RunTime:0.000593s ]
SQL: SHOW COLUMNS FROM `onethink_sale` [ RunTime:0.011005s ]
SQL: DELETE FROM `onethink_sale` WHERE ( `id` = 20 ) [ RunTime:0.088855s ]

[ 2017-07-07T09:26:37+08:00 ] 127.0.0.1 /index.php?s=/Admin/Sale/index.html
SQL: SHOW COLUMNS FROM `onethink_menu` [ RunTime:0.015998s ]
SQL: SELECT * FROM `onethink_menu` WHERE ( `pid` = 0 ) AND ( `hide` = 0 ) ORDER BY sort asc  [ RunTime:0.001360s ]
SQL: SELECT `id` FROM `onethink_menu` WHERE ( url like '%Sale/index%' ) LIMIT 1   [ RunTime:0.000757s ]
SQL: SHOW COLUMNS FROM `onethink_menu` [ RunTime:0.008031s ]
SQL: SELECT `id`,`pid`,`title` FROM `onethink_menu` WHERE ( id=125 ) LIMIT 1   [ RunTime:0.000777s ]
SQL: SELECT `id`,`pid`,`title` FROM `onethink_menu` WHERE ( id=122 ) LIMIT 1   [ RunTime:0.000616s ]
SQL: SELECT DISTINCT  `group` FROM `onethink_menu` WHERE ( pid = 122 )  [ RunTime:0.000711s ]
SQL: SELECT `id`,`url` FROM `onethink_menu` WHERE ( `pid` = 122 ) AND ( `hide` = 0 )  [ RunTime:0.000587s ]
SQL: SELECT `id`,`pid`,`title`,`url`,`tip` FROM `onethink_menu` WHERE ( `group` = '管理中心' ) AND ( `pid` = 122 ) AND ( `hide` = 0 ) ORDER BY sort asc  [ RunTime:0.000652s ]
SQL: SHOW COLUMNS FROM `onethink_sale` [ RunTime:0.012311s ]
SQL: SELECT * FROM `onethink_sale`  [ RunTime:0.000736s ]
INFO: [ view_parse ] --START--
INFO: [ template_filter ] --START--
INFO: Run Behavior\ContentReplace [ RunTime:0.000217s ]
INFO: [ template_filter ] --END-- [ RunTime:0.000302s ]
NOTIC: [8] Undefined variable: meta_title F:\onethink\Runtime\Cache\Admin\48804f473ae4f64ec9121665b8286f36.php 第 5 行.
INFO: Run Behavior\ParseTemplate [ RunTime:0.096119s ]
INFO: [ view_parse ] --END-- [ RunTime:0.096205s ]
INFO: [ view_filter ] --START--
INFO: Run Behavior\WriteHtmlCache [ RunTime:0.000332s ]
INFO: [ view_filter ] --END-- [ RunTime:0.000392s ]
INFO: [ app_end ] --START--
INFO: Run Behavior\ShowPageTrace [ RunTime:0.000635s ]
INFO: [ app_end ] --END-- [ RunTime:0.000714s ]

[ 2017-07-07T09:26:38+08:00 ] 127.0.0.1 /index.php?s=/Admin/Sale/add.html
SQL: SHOW COLUMNS FROM `onethink_menu` [ RunTime:0.015019s ]
SQL: SELECT * FROM `onethink_menu` WHERE ( `pid` = 0 ) AND ( `hide` = 0 ) ORDER BY sort asc  [ RunTime:0.001215s ]
SQL: SELECT `id` FROM `onethink_menu` WHERE ( url like '%Sale/add%' ) LIMIT 1   [ RunTime:0.000979s ]
SQL: SHOW COLUMNS FROM `onethink_menu` [ RunTime:0.006588s ]
SQL: SELECT `id`,`pid`,`title` FROM `onethink_menu` WHERE ( id=126 ) LIMIT 1   [ RunTime:0.000936s ]
SQL: SELECT `id`,`pid`,`title` FROM `onethink_menu` WHERE ( id=125 ) LIMIT 1   [ RunTime:0.000784s ]
SQL: SELECT `id`,`pid`,`title` FROM `onethink_menu` WHERE ( id=122 ) LIMIT 1   [ RunTime:0.000793s ]
SQL: SELECT DISTINCT  `group` FROM `onethink_menu` WHERE ( pid = 122 )  [ RunTime:0.000940s ]
SQL: SELECT `id`,`url` FROM `onethink_menu` WHERE ( `pid` = 122 ) AND ( `hide` = 0 )  [ RunTime:0.000867s ]
SQL: SELECT `id`,`pid`,`title`,`url`,`tip` FROM `onethink_menu` WHERE ( `group` = '管理中心' ) AND ( `pid` = 122 ) AND ( `hide` = 0 ) ORDER BY sort asc  [ RunTime:0.000846s ]
INFO: [ view_parse ] --START--
INFO: [ template_filter ] --START--
INFO: Run Behavior\ContentReplace [ RunTime:0.000216s ]
INFO: [ template_filter ] --END-- [ RunTime:0.000270s ]
NOTIC: [8] Undefined variable: meta_title F:\onethink\Runtime\Cache\Admin\b5f80cfc7e87357a1334407e6abefe5e.php 第 5 行.
NOTIC: [8] Undefined variable: date F:\onethink\Runtime\Cache\Admin\b5f80cfc7e87357a1334407e6abefe5e.php 第 112 行.
NOTIC: [8] Undefined variable: date F:\onethink\Runtime\Cache\Admin\b5f80cfc7e87357a1334407e6abefe5e.php 第 117 行.
NOTIC: [8] Undefined variable: date F:\onethink\Runtime\Cache\Admin\b5f80cfc7e87357a1334407e6abefe5e.php 第 123 行.
NOTIC: [8] Undefined variable: date F:\onethink\Runtime\Cache\Admin\b5f80cfc7e87357a1334407e6abefe5e.php 第 126 行.
NOTIC: [8] Undefined variable: date F:\onethink\Runtime\Cache\Admin\b5f80cfc7e87357a1334407e6abefe5e.php 第 127 行.
NOTIC: [8] Undefined variable: date F:\onethink\Runtime\Cache\Admin\b5f80cfc7e87357a1334407e6abefe5e.php 第 136 行.
NOTIC: [8] Undefined variable: date F:\onethink\Runtime\Cache\Admin\b5f80cfc7e87357a1334407e6abefe5e.php 第 137 行.
NOTIC: [8] Undefined variable: date F:\onethink\Runtime\Cache\Admin\b5f80cfc7e87357a1334407e6abefe5e.php 第 143 行.
NOTIC: [8] Undefined variable: date F:\onethink\Runtime\Cache\Admin\b5f80cfc7e87357a1334407e6abefe5e.php 第 185 行.
NOTIC: [8] Undefined variable: date F:\onethink\Runtime\Cache\Admin\b5f80cfc7e87357a1334407e6abefe5e.php 第 227 行.
NOTIC: [8] Undefined variable: date F:\onethink\Runtime\Cache\Admin\b5f80cfc7e87357a1334407e6abefe5e.php 第 233 行.
NOTIC: [8] Undefined variable: date F:\onethink\Runtime\Cache\Admin\b5f80cfc7e87357a1334407e6abefe5e.php 第 238 行.
INFO: Run Behavior\ParseTemplate [ RunTime:0.120532s ]
INFO: [ view_parse ] --END-- [ RunTime:0.120613s ]
INFO: [ view_filter ] --START--
INFO: Run Behavior\WriteHtmlCache [ RunTime:0.000223s ]
INFO: [ view_filter ] --END-- [ RunTime:0.000363s ]
INFO: [ app_end ] --START--
INFO: Run Behavior\ShowPageTrace [ RunTime:0.000586s ]
INFO: [ app_end ] --END-- [ RunTime:0.000661s ]

[ 2017-07-07T09:26:42+08:00 ] 127.0.0.1 /
SQL: SHOW COLUMNS FROM `onethink_category` [ RunTime:0.012450s ]
SQL: SELECT `id`,`name`,`title`,`pid`,`sort`,`list_row`,`meta_title`,`keywords`,`description`,`template_index`,`template_lists`,`template_detail`,`template_edit`,`model`,`type`,`link_id`,`allow_publish`,`display`,`reply`,`check`,`reply_model`,`extend`,`create_time`,`update_time`,`status`,`icon` FROM `onethink_category` WHERE ( `status` = 1 ) ORDER BY sort  [ RunTime:0.000723s ]
SQL: SHOW COLUMNS FROM `onethink_document` [ RunTime:0.012192s ]
SQL: SELECT `id`,`uid`,`name`,`title`,`category_id`,`description`,`root`,`pid`,`model_id`,`type`,`position`,`link_id`,`cover_id`,`display`,`deadline`,`attach`,`view`,`comment`,`extend`,`level`,`create_time`,`update_time`,`status` FROM `onethink_document` WHERE ( `status` = 1 ) AND ( `pid` = 0 ) AND ( `create_time` < 1499390802 ) AND ( deadline = 0 OR deadline > 1499390802 ) ORDER BY `id` DESC  [ RunTime:0.000725s ]
INFO: [ view_parse ] --START--
INFO: [ template_filter ] --START--
INFO: Run Behavior\ContentReplace [ RunTime:0.000092s ]
INFO: [ template_filter ] --END-- [ RunTime:0.000144s ]
SQL: SHOW COLUMNS FROM `onethink_channel` [ RunTime:0.015435s ]
SQL: SELECT `id`,`pid`,`title`,`url`,`sort`,`create_time`,`update_time`,`status`,`target` FROM `onethink_channel` WHERE ( status=1 ) ORDER BY sort  [ RunTime:0.000608s ]
SQL: SELECT `id`,`name`,`title`,`pid`,`sort`,`list_row`,`meta_title`,`keywords`,`description`,`template_index`,`template_lists`,`template_detail`,`template_edit`,`model`,`type`,`link_id`,`allow_publish`,`display`,`reply`,`check`,`reply_model`,`extend`,`create_time`,`update_time`,`status`,`icon` FROM `onethink_category` WHERE ( `id` = 1 ) LIMIT 1   [ RunTime:0.000604s ]
SQL: SELECT `id`,`name`,`pid`,`title`,`link_id` FROM `onethink_category` WHERE ( `status` = 1 ) ORDER BY sort  [ RunTime:0.000468s ]
INFO: [ view_parse ] --START--
INFO: [ template_filter ] --START--
INFO: Run Behavior\ContentReplace [ RunTime:0.000029s ]
INFO: [ template_filter ] --END-- [ RunTime:-0.024119s ]
INFO: Run Behavior\ParseTemplate [ RunTime:0.003543s ]
INFO: [ view_parse ] --END-- [ RunTime:0.003618s ]
INFO: [ view_filter ] --START--
INFO: Run Behavior\WriteHtmlCache [ RunTime:0.000255s ]
INFO: [ view_filter ] --END-- [ RunTime:0.000321s ]
SQL: SELECT `id`,`name`,`title`,`pid`,`sort`,`list_row`,`meta_title`,`keywords`,`description`,`template_index`,`template_lists`,`template_detail`,`template_edit`,`model`,`type`,`link_id`,`allow_publish`,`display`,`reply`,`check`,`reply_model`,`extend`,`create_time`,`update_time`,`status`,`icon` FROM `onethink_category` WHERE ( `id` = 1 ) LIMIT 1   [ RunTime:0.000728s ]
SQL: SELECT `id`,`name`,`pid`,`title`,`link_id` FROM `onethink_category` WHERE ( `status` = 1 ) ORDER BY sort  [ RunTime:0.000574s ]
SQL: SELECT `id`,`uid`,`name`,`title`,`category_id`,`description`,`root`,`pid`,`model_id`,`type`,`position`,`link_id`,`cover_id`,`display`,`deadline`,`attach`,`view`,`comment`,`extend`,`level`,`create_time`,`update_time`,`status` FROM `onethink_document` WHERE ( `status` = 1 ) AND ( `pid` = 0 ) AND ( `category_id` = 2 ) AND ( `create_time` < 1499390802 ) AND ( deadline = 0 OR deadline > 1499390802 ) ORDER BY `level` DESC,`id` DESC LIMIT 0,10   [ RunTime:0.000560s ]
INFO: Run Behavior\ParseTemplate [ RunTime:0.007597s ]
INFO: [ view_parse ] --END-- [ RunTime:0.003618s ]
INFO: [ view_filter ] --START--
INFO: Run Behavior\WriteHtmlCache [ RunTime:0.000010s ]
INFO: [ view_filter ] --END-- [ RunTime:-0.003679s ]
INFO: [ app_end ] --START--
INFO: Run Behavior\ShowPageTrace [ RunTime:0.000399s ]
INFO: [ app_end ] --END-- [ RunTime:0.000437s ]

[ 2017-07-07T09:26:59+08:00 ] 127.0.0.1 /index.php?s=/Admin/File/uploadPicture/session_id/tqvqk7t41uceolbnkj40mrdt34.html
SQL: SHOW COLUMNS FROM `onethink_menu` [ RunTime:0.014254s ]
SQL: SELECT * FROM `onethink_menu` WHERE ( `pid` = 0 ) AND ( `hide` = 0 ) ORDER BY sort asc  [ RunTime:0.000866s ]
SQL: SELECT `id` FROM `onethink_menu` WHERE ( url like '%File/uploadpicture%' ) LIMIT 1   [ RunTime:0.000760s ]
SQL: SHOW COLUMNS FROM `onethink_picture` [ RunTime:0.058461s ]
SQL: SELECT `id`,`path`,`url`,`md5`,`sha1`,`status`,`create_time` FROM `onethink_picture` WHERE ( `md5` = '2e56742f32ecb7de9c2a34205ebab14a' ) AND ( `sha1` = '11dc3e07f57e5895e8f5b18e4189dcce3de465fb' ) LIMIT 1   [ RunTime:0.000966s ]
SQL: INSERT INTO `onethink_picture` (`md5`,`sha1`,`path`,`status`,`create_time`) VALUES ('2e56742f32ecb7de9c2a34205ebab14a','11dc3e07f57e5895e8f5b18e4189dcce3de465fb','/Uploads/Picture/2017-07-07/595ee362f2ad6.jpg',1,1499390818) [ RunTime:0.001605s ]

[ 2017-07-07T09:27:17+08:00 ] 127.0.0.1 /index.php?s=/Admin/Sale/add.html
INFO: [ app_begin ] --START--
INFO: Run Behavior\ReadHtmlCache [ RunTime:0.000612s ]
INFO: [ app_begin ] --END-- [ RunTime:0.001014s ]
SQL: SHOW COLUMNS FROM `onethink_menu` [ RunTime:0.014088s ]
SQL: SELECT * FROM `onethink_menu` WHERE ( `pid` = 0 ) AND ( `hide` = 0 ) ORDER BY sort asc  [ RunTime:0.001671s ]
SQL: SELECT `id` FROM `onethink_menu` WHERE ( url like '%Sale/add%' ) LIMIT 1   [ RunTime:0.000737s ]
SQL: SHOW COLUMNS FROM `onethink_menu` [ RunTime:0.007157s ]
SQL: SELECT `id`,`pid`,`title` FROM `onethink_menu` WHERE ( id=126 ) LIMIT 1   [ RunTime:0.000805s ]
SQL: SELECT `id`,`pid`,`title` FROM `onethink_menu` WHERE ( id=125 ) LIMIT 1   [ RunTime:0.000658s ]
SQL: SELECT `id`,`pid`,`title` FROM `onethink_menu` WHERE ( id=122 ) LIMIT 1   [ RunTime:0.001180s ]
SQL: SELECT DISTINCT  `group` FROM `onethink_menu` WHERE ( pid = 122 )  [ RunTime:0.001144s ]
SQL: SELECT `id`,`url` FROM `onethink_menu` WHERE ( `pid` = 122 ) AND ( `hide` = 0 )  [ RunTime:0.001055s ]
SQL: SELECT `id`,`pid`,`title`,`url`,`tip` FROM `onethink_menu` WHERE ( `group` = '管理中心' ) AND ( `pid` = 122 ) AND ( `hide` = 0 ) ORDER BY sort asc  [ RunTime:0.001282s ]
SQL: SHOW COLUMNS FROM `onethink_sale` [ RunTime:0.013469s ]
NOTIC: [2] preg_match(): Delimiter must not be alphanumeric or backslash F:\onethink\ThinkPHP\Library\Think\Model.class.php 第 948 行.

[ 2017-07-07T09:27:18+08:00 ] 127.0.0.1 /index.php?s=/Admin/Sale/add.html
INFO: [ app_begin ] --START--
INFO: Run Behavior\ReadHtmlCache [ RunTime:0.000698s ]
INFO: [ app_begin ] --END-- [ RunTime:0.001090s ]
SQL: SHOW COLUMNS FROM `onethink_menu` [ RunTime:0.013691s ]
SQL: SELECT * FROM `onethink_menu` WHERE ( `pid` = 0 ) AND ( `hide` = 0 ) ORDER BY sort asc  [ RunTime:0.000585s ]
SQL: SELECT `id` FROM `onethink_menu` WHERE ( url like '%Sale/add%' ) LIMIT 1   [ RunTime:0.000489s ]
SQL: SHOW COLUMNS FROM `onethink_menu` [ RunTime:0.006822s ]
SQL: SELECT `id`,`pid`,`title` FROM `onethink_menu` WHERE ( id=126 ) LIMIT 1   [ RunTime:0.000574s ]
SQL: SELECT `id`,`pid`,`title` FROM `onethink_menu` WHERE ( id=125 ) LIMIT 1   [ RunTime:0.000449s ]
SQL: SELECT `id`,`pid`,`title` FROM `onethink_menu` WHERE ( id=122 ) LIMIT 1   [ RunTime:0.000429s ]
SQL: SELECT DISTINCT  `group` FROM `onethink_menu` WHERE ( pid = 122 )  [ RunTime:0.000716s ]
SQL: SELECT `id`,`url` FROM `onethink_menu` WHERE ( `pid` = 122 ) AND ( `hide` = 0 )  [ RunTime:0.000446s ]
SQL: SELECT `id`,`pid`,`title`,`url`,`tip` FROM `onethink_menu` WHERE ( `group` = '管理中心' ) AND ( `pid` = 122 ) AND ( `hide` = 0 ) ORDER BY sort asc  [ RunTime:0.000548s ]
SQL: SHOW COLUMNS FROM `onethink_sale` [ RunTime:0.026587s ]
NOTIC: [2] preg_match(): Delimiter must not be alphanumeric or backslash F:\onethink\ThinkPHP\Library\Think\Model.class.php 第 948 行.

[ 2017-07-07T09:27:31+08:00 ] 127.0.0.1 /index.php?s=/Admin/Sale/add.html
INFO: [ app_begin ] --START--
INFO: Run Behavior\ReadHtmlCache [ RunTime:0.000560s ]
INFO: [ app_begin ] --END-- [ RunTime:0.000965s ]
SQL: SHOW COLUMNS FROM `onethink_menu` [ RunTime:0.013176s ]
SQL: SELECT * FROM `onethink_menu` WHERE ( `pid` = 0 ) AND ( `hide` = 0 ) ORDER BY sort asc  [ RunTime:0.000520s ]
SQL: SELECT `id` FROM `onethink_menu` WHERE ( url like '%Sale/add%' ) LIMIT 1   [ RunTime:0.000451s ]
SQL: SHOW COLUMNS FROM `onethink_menu` [ RunTime:0.006414s ]
SQL: SELECT `id`,`pid`,`title` FROM `onethink_menu` WHERE ( id=126 ) LIMIT 1   [ RunTime:0.000505s ]
SQL: SELECT `id`,`pid`,`title` FROM `onethink_menu` WHERE ( id=125 ) LIMIT 1   [ RunTime:0.000367s ]
SQL: SELECT `id`,`pid`,`title` FROM `onethink_menu` WHERE ( id=122 ) LIMIT 1   [ RunTime:0.000244s ]
SQL: SELECT DISTINCT  `group` FROM `onethink_menu` WHERE ( pid = 122 )  [ RunTime:0.000441s ]
SQL: SELECT `id`,`url` FROM `onethink_menu` WHERE ( `pid` = 122 ) AND ( `hide` = 0 )  [ RunTime:0.000311s ]
SQL: SELECT `id`,`pid`,`title`,`url`,`tip` FROM `onethink_menu` WHERE ( `group` = '管理中心' ) AND ( `pid` = 122 ) AND ( `hide` = 0 ) ORDER BY sort asc  [ RunTime:0.000382s ]
SQL: SHOW COLUMNS FROM `onethink_sale` [ RunTime:0.010950s ]
NOTIC: [2] preg_match(): Delimiter must not be alphanumeric or backslash F:\onethink\ThinkPHP\Library\Think\Model.class.php 第 948 行.

[ 2017-07-07T09:27:32+08:00 ] 127.0.0.1 /index.php?s=/Admin/Sale/add.html
INFO: [ app_begin ] --START--
INFO: Run Behavior\ReadHtmlCache [ RunTime:0.000610s ]
INFO: [ app_begin ] --END-- [ RunTime:0.001004s ]
SQL: SHOW COLUMNS FROM `onethink_menu` [ RunTime:0.015467s ]
SQL: SELECT * FROM `onethink_menu` WHERE ( `pid` = 0 ) AND ( `hide` = 0 ) ORDER BY sort asc  [ RunTime:0.000938s ]
SQL: SELECT `id` FROM `onethink_menu` WHERE ( url like '%Sale/add%' ) LIMIT 1   [ RunTime:0.000703s ]
SQL: SHOW COLUMNS FROM `onethink_menu` [ RunTime:0.007053s ]
SQL: SELECT `id`,`pid`,`title` FROM `onethink_menu` WHERE ( id=126 ) LIMIT 1   [ RunTime:0.000585s ]
SQL: SELECT `id`,`pid`,`title` FROM `onethink_menu` WHERE ( id=125 ) LIMIT 1   [ RunTime:0.000444s ]
SQL: SELECT `id`,`pid`,`title` FROM `onethink_menu` WHERE ( id=122 ) LIMIT 1   [ RunTime:0.000392s ]
SQL: SELECT DISTINCT  `group` FROM `onethink_menu` WHERE ( pid = 122 )  [ RunTime:0.000678s ]
SQL: SELECT `id`,`url` FROM `onethink_menu` WHERE ( `pid` = 122 ) AND ( `hide` = 0 )  [ RunTime:0.000478s ]
SQL: SELECT `id`,`pid`,`title`,`url`,`tip` FROM `onethink_menu` WHERE ( `group` = '管理中心' ) AND ( `pid` = 122 ) AND ( `hide` = 0 ) ORDER BY sort asc  [ RunTime:0.000548s ]
SQL: SHOW COLUMNS FROM `onethink_sale` [ RunTime:0.011029s ]
NOTIC: [2] preg_match(): Delimiter must not be alphanumeric or backslash F:\onethink\ThinkPHP\Library\Think\Model.class.php 第 948 行.

[ 2017-07-07T09:27:34+08:00 ] 127.0.0.1 /index.php?s=/Admin/Sale/add.html
INFO: [ app_begin ] --START--
INFO: Run Behavior\ReadHtmlCache [ RunTime:0.000865s ]
INFO: [ app_begin ] --END-- [ RunTime:0.001708s ]
SQL: SHOW COLUMNS FROM `onethink_menu` [ RunTime:0.015035s ]
SQL: SELECT * FROM `onethink_menu` WHERE ( `pid` = 0 ) AND ( `hide` = 0 ) ORDER BY sort asc  [ RunTime:0.001185s ]
SQL: SELECT `id` FROM `onethink_menu` WHERE ( url like '%Sale/add%' ) LIMIT 1   [ RunTime:0.000994s ]
SQL: SHOW COLUMNS FROM `onethink_menu` [ RunTime:0.007144s ]
SQL: SELECT `id`,`pid`,`title` FROM `onethink_menu` WHERE ( id=126 ) LIMIT 1   [ RunTime:0.000910s ]
SQL: SELECT `id`,`pid`,`title` FROM `onethink_menu` WHERE ( id=125 ) LIMIT 1   [ RunTime:0.000824s ]
SQL: SELECT `id`,`pid`,`title` FROM `onethink_menu` WHERE ( id=122 ) LIMIT 1   [ RunTime:0.000838s ]
SQL: SELECT DISTINCT  `group` FROM `onethink_menu` WHERE ( pid = 122 )  [ RunTime:0.001199s ]
SQL: SELECT `id`,`url` FROM `onethink_menu` WHERE ( `pid` = 122 ) AND ( `hide` = 0 )  [ RunTime:0.000851s ]
SQL: SELECT `id`,`pid`,`title`,`url`,`tip` FROM `onethink_menu` WHERE ( `group` = '管理中心' ) AND ( `pid` = 122 ) AND ( `hide` = 0 ) ORDER BY sort asc  [ RunTime:0.000978s ]
SQL: SHOW COLUMNS FROM `onethink_sale` [ RunTime:0.031542s ]
NOTIC: [2] preg_match(): Delimiter must not be alphanumeric or backslash F:\onethink\ThinkPHP\Library\Think\Model.class.php 第 948 行.

[ 2017-07-07T09:27:35+08:00 ] 127.0.0.1 /index.php?s=/Admin/Sale/add.html
INFO: [ app_begin ] --START--
INFO: Run Behavior\ReadHtmlCache [ RunTime:0.000557s ]
INFO: [ app_begin ] --END-- [ RunTime:0.000960s ]
SQL: SHOW COLUMNS FROM `onethink_menu` [ RunTime:0.013067s ]
SQL: SELECT * FROM `onethink_menu` WHERE ( `pid` = 0 ) AND ( `hide` = 0 ) ORDER BY sort asc  [ RunTime:0.000476s ]
SQL: SELECT `id` FROM `onethink_menu` WHERE ( url like '%Sale/add%' ) LIMIT 1   [ RunTime:0.000400s ]
SQL: SHOW COLUMNS FROM `onethink_menu` [ RunTime:0.006160s ]
SQL: SELECT `id`,`pid`,`title` FROM `onethink_menu` WHERE ( id=126 ) LIMIT 1   [ RunTime:0.000288s ]
SQL: SELECT `id`,`pid`,`title` FROM `onethink_menu` WHERE ( id=125 ) LIMIT 1   [ RunTime:0.000201s ]
SQL: SELECT `id`,`pid`,`title` FROM `onethink_menu` WHERE ( id=122 ) LIMIT 1   [ RunTime:0.000198s ]
SQL: SELECT DISTINCT  `group` FROM `onethink_menu` WHERE ( pid = 122 )  [ RunTime:0.000380s ]
SQL: SELECT `id`,`url` FROM `onethink_menu` WHERE ( `pid` = 122 ) AND ( `hide` = 0 )  [ RunTime:0.000352s ]
SQL: SELECT `id`,`pid`,`title`,`url`,`tip` FROM `onethink_menu` WHERE ( `group` = '管理中心' ) AND ( `pid` = 122 ) AND ( `hide` = 0 ) ORDER BY sort asc  [ RunTime:0.000350s ]
SQL: SHOW COLUMNS FROM `onethink_sale` [ RunTime:0.010522s ]
NOTIC: [2] preg_match(): Delimiter must not be alphanumeric or backslash F:\onethink\ThinkPHP\Library\Think\Model.class.php 第 948 行.

[ 2017-07-07T09:27:39+08:00 ] 127.0.0.1 /index.php?s=/Admin/Sale/add.html
INFO: [ app_begin ] --START--
INFO: Run Behavior\ReadHtmlCache [ RunTime:0.000549s ]
INFO: [ app_begin ] --END-- [ RunTime:0.000958s ]
SQL: SHOW COLUMNS FROM `onethink_menu` [ RunTime:0.014767s ]
SQL: SELECT * FROM `onethink_menu` WHERE ( `pid` = 0 ) AND ( `hide` = 0 ) ORDER BY sort asc  [ RunTime:0.000939s ]
SQL: SELECT `id` FROM `onethink_menu` WHERE ( url like '%Sale/add%' ) LIMIT 1   [ RunTime:0.000677s ]
SQL: SHOW COLUMNS FROM `onethink_menu` [ RunTime:0.006516s ]
SQL: SELECT `id`,`pid`,`title` FROM `onethink_menu` WHERE ( id=126 ) LIMIT 1   [ RunTime:0.000663s ]
SQL: SELECT `id`,`pid`,`title` FROM `onethink_menu` WHERE ( id=125 ) LIMIT 1   [ RunTime:0.000546s ]
SQL: SELECT `id`,`pid`,`title` FROM `onethink_menu` WHERE ( id=122 ) LIMIT 1   [ RunTime:0.000496s ]
SQL: SELECT DISTINCT  `group` FROM `onethink_menu` WHERE ( pid = 122 )  [ RunTime:0.000737s ]
SQL: SELECT `id`,`url` FROM `onethink_menu` WHERE ( `pid` = 122 ) AND ( `hide` = 0 )  [ RunTime:0.000540s ]
SQL: SELECT `id`,`pid`,`title`,`url`,`tip` FROM `onethink_menu` WHERE ( `group` = '管理中心' ) AND ( `pid` = 122 ) AND ( `hide` = 0 ) ORDER BY sort asc  [ RunTime:0.000565s ]
SQL: SHOW COLUMNS FROM `onethink_sale` [ RunTime:0.010394s ]
NOTIC: [2] preg_match(): Delimiter must not be alphanumeric or backslash F:\onethink\ThinkPHP\Library\Think\Model.class.php 第 948 行.

[ 2017-07-07T09:27:40+08:00 ] 127.0.0.1 /index.php?s=/Admin/Sale/add.html
INFO: [ app_begin ] --START--
INFO: Run Behavior\ReadHtmlCache [ RunTime:0.000549s ]
INFO: [ app_begin ] --END-- [ RunTime:0.000940s ]
SQL: SHOW COLUMNS FROM `onethink_menu` [ RunTime:0.016464s ]
SQL: SELECT * FROM `onethink_menu` WHERE ( `pid` = 0 ) AND ( `hide` = 0 ) ORDER BY sort asc  [ RunTime:0.000610s ]
SQL: SELECT `id` FROM `onethink_menu` WHERE ( url like '%Sale/add%' ) LIMIT 1   [ RunTime:0.000393s ]
SQL: SHOW COLUMNS FROM `onethink_menu` [ RunTime:0.006306s ]
SQL: SELECT `id`,`pid`,`title` FROM `onethink_menu` WHERE ( id=126 ) LIMIT 1   [ RunTime:0.000396s ]
SQL: SELECT `id`,`pid`,`title` FROM `onethink_menu` WHERE ( id=125 ) LIMIT 1   [ RunTime:0.000251s ]
SQL: SELECT `id`,`pid`,`title` FROM `onethink_menu` WHERE ( id=122 ) LIMIT 1   [ RunTime:0.000237s ]
SQL: SELECT DISTINCT  `group` FROM `onethink_menu` WHERE ( pid = 122 )  [ RunTime:0.000478s ]
SQL: SELECT `id`,`url` FROM `onethink_menu` WHERE ( `pid` = 122 ) AND ( `hide` = 0 )  [ RunTime:0.000306s ]
SQL: SELECT `id`,`pid`,`title`,`url`,`tip` FROM `onethink_menu` WHERE ( `group` = '管理中心' ) AND ( `pid` = 122 ) AND ( `hide` = 0 ) ORDER BY sort asc  [ RunTime:0.000341s ]
SQL: SHOW COLUMNS FROM `onethink_sale` [ RunTime:0.010830s ]
NOTIC: [2] preg_match(): Delimiter must not be alphanumeric or backslash F:\onethink\ThinkPHP\Library\Think\Model.class.php 第 948 行.

[ 2017-07-07T09:34:50+08:00 ] 127.0.0.1 /index.php?s=/Admin/Sale/index.html
SQL: SHOW COLUMNS FROM `onethink_menu` [ RunTime:0.014722s ]
SQL: SELECT * FROM `onethink_menu` WHERE ( `pid` = 0 ) AND ( `hide` = 0 ) ORDER BY sort asc  [ RunTime:0.000851s ]
SQL: SELECT `id` FROM `onethink_menu` WHERE ( url like '%Sale/index%' ) LIMIT 1   [ RunTime:0.000713s ]
SQL: SHOW COLUMNS FROM `onethink_menu` [ RunTime:0.007889s ]
SQL: SELECT `id`,`pid`,`title` FROM `onethink_menu` WHERE ( id=125 ) LIMIT 1   [ RunTime:0.000561s ]
SQL: SELECT `id`,`pid`,`title` FROM `onethink_menu` WHERE ( id=122 ) LIMIT 1   [ RunTime:0.000429s ]
SQL: SELECT DISTINCT  `group` FROM `onethink_menu` WHERE ( pid = 122 )  [ RunTime:0.000660s ]
SQL: SELECT `id`,`url` FROM `onethink_menu` WHERE ( `pid` = 122 ) AND ( `hide` = 0 )  [ RunTime:0.000452s ]
SQL: SELECT `id`,`pid`,`title`,`url`,`tip` FROM `onethink_menu` WHERE ( `group` = '管理中心' ) AND ( `pid` = 122 ) AND ( `hide` = 0 ) ORDER BY sort asc  [ RunTime:0.000528s ]
SQL: SHOW COLUMNS FROM `onethink_sale` [ RunTime:0.012109s ]
SQL: SELECT * FROM `onethink_sale`  [ RunTime:0.000863s ]
INFO: [ view_parse ] --START--
INFO: [ template_filter ] --START--
INFO: Run Behavior\ContentReplace [ RunTime:0.000216s ]
INFO: [ template_filter ] --END-- [ RunTime:0.000302s ]
NOTIC: [8] Undefined variable: meta_title F:\onethink\Runtime\Cache\Admin\48804f473ae4f64ec9121665b8286f36.php 第 5 行.
INFO: Run Behavior\ParseTemplate [ RunTime:0.102858s ]
INFO: [ view_parse ] --END-- [ RunTime:0.102925s ]
INFO: [ view_filter ] --START--
INFO: Run Behavior\WriteHtmlCache [ RunTime:0.000248s ]
INFO: [ view_filter ] --END-- [ RunTime:0.000287s ]
INFO: [ app_end ] --START--
INFO: Run Behavior\ShowPageTrace [ RunTime:0.002653s ]
INFO: [ app_end ] --END-- [ RunTime:0.002771s ]

[ 2017-07-07T09:34:51+08:00 ] 127.0.0.1 /index.php?s=/Admin/Sale/add.html
SQL: SHOW COLUMNS FROM `onethink_menu` [ RunTime:0.016090s ]
SQL: SELECT * FROM `onethink_menu` WHERE ( `pid` = 0 ) AND ( `hide` = 0 ) ORDER BY sort asc  [ RunTime:0.001801s ]
SQL: SELECT `id` FROM `onethink_menu` WHERE ( url like '%Sale/add%' ) LIMIT 1   [ RunTime:0.001055s ]
SQL: SHOW COLUMNS FROM `onethink_menu` [ RunTime:0.007524s ]
SQL: SELECT `id`,`pid`,`title` FROM `onethink_menu` WHERE ( id=126 ) LIMIT 1   [ RunTime:0.000963s ]
SQL: SELECT `id`,`pid`,`title` FROM `onethink_menu` WHERE ( id=125 ) LIMIT 1   [ RunTime:0.000800s ]
SQL: SELECT `id`,`pid`,`title` FROM `onethink_menu` WHERE ( id=122 ) LIMIT 1   [ RunTime:0.000770s ]
SQL: SELECT DISTINCT  `group` FROM `onethink_menu` WHERE ( pid = 122 )  [ RunTime:0.001049s ]
SQL: SELECT `id`,`url` FROM `onethink_menu` WHERE ( `pid` = 122 ) AND ( `hide` = 0 )  [ RunTime:0.001022s ]
SQL: SELECT `id`,`pid`,`title`,`url`,`tip` FROM `onethink_menu` WHERE ( `group` = '管理中心' ) AND ( `pid` = 122 ) AND ( `hide` = 0 ) ORDER BY sort asc  [ RunTime:0.001836s ]
INFO: [ view_parse ] --START--
INFO: [ template_filter ] --START--
INFO: Run Behavior\ContentReplace [ RunTime:0.000303s ]
INFO: [ template_filter ] --END-- [ RunTime:0.000417s ]
NOTIC: [8] Undefined variable: meta_title F:\onethink\Runtime\Cache\Admin\b5f80cfc7e87357a1334407e6abefe5e.php 第 5 行.
NOTIC: [8] Undefined variable: date F:\onethink\Runtime\Cache\Admin\b5f80cfc7e87357a1334407e6abefe5e.php 第 112 行.
NOTIC: [8] Undefined variable: date F:\onethink\Runtime\Cache\Admin\b5f80cfc7e87357a1334407e6abefe5e.php 第 117 行.
NOTIC: [8] Undefined variable: date F:\onethink\Runtime\Cache\Admin\b5f80cfc7e87357a1334407e6abefe5e.php 第 123 行.
NOTIC: [8] Undefined variable: date F:\onethink\Runtime\Cache\Admin\b5f80cfc7e87357a1334407e6abefe5e.php 第 126 行.
NOTIC: [8] Undefined variable: date F:\onethink\Runtime\Cache\Admin\b5f80cfc7e87357a1334407e6abefe5e.php 第 127 行.
NOTIC: [8] Undefined variable: date F:\onethink\Runtime\Cache\Admin\b5f80cfc7e87357a1334407e6abefe5e.php 第 136 行.
NOTIC: [8] Undefined variable: date F:\onethink\Runtime\Cache\Admin\b5f80cfc7e87357a1334407e6abefe5e.php 第 137 行.
NOTIC: [8] Undefined variable: date F:\onethink\Runtime\Cache\Admin\b5f80cfc7e87357a1334407e6abefe5e.php 第 143 行.
NOTIC: [8] Undefined variable: date F:\onethink\Runtime\Cache\Admin\b5f80cfc7e87357a1334407e6abefe5e.php 第 185 行.
NOTIC: [8] Undefined variable: date F:\onethink\Runtime\Cache\Admin\b5f80cfc7e87357a1334407e6abefe5e.php 第 227 行.
NOTIC: [8] Undefined variable: date F:\onethink\Runtime\Cache\Admin\b5f80cfc7e87357a1334407e6abefe5e.php 第 233 行.
NOTIC: [8] Undefined variable: date F:\onethink\Runtime\Cache\Admin\b5f80cfc7e87357a1334407e6abefe5e.php 第 238 行.
INFO: Run Behavior\ParseTemplate [ RunTime:0.134182s ]
INFO: [ view_parse ] --END-- [ RunTime:0.134261s ]
INFO: [ view_filter ] --START--
INFO: Run Behavior\WriteHtmlCache [ RunTime:0.000319s ]
INFO: [ view_filter ] --END-- [ RunTime:0.000387s ]
INFO: [ app_end ] --START--
INFO: Run Behavior\ShowPageTrace [ RunTime:0.000595s ]
INFO: [ app_end ] --END-- [ RunTime:0.000671s ]

[ 2017-07-07T09:34:52+08:00 ] 127.0.0.1 /
SQL: SHOW COLUMNS FROM `onethink_category` [ RunTime:0.017532s ]
SQL: SELECT `id`,`name`,`title`,`pid`,`sort`,`list_row`,`meta_title`,`keywords`,`description`,`template_index`,`template_lists`,`template_detail`,`template_edit`,`model`,`type`,`link_id`,`allow_publish`,`display`,`reply`,`check`,`reply_model`,`extend`,`create_time`,`update_time`,`status`,`icon` FROM `onethink_category` WHERE ( `status` = 1 ) ORDER BY sort  [ RunTime:0.000785s ]
SQL: SHOW COLUMNS FROM `onethink_document` [ RunTime:0.011322s ]
SQL: SELECT `id`,`uid`,`name`,`title`,`category_id`,`description`,`root`,`pid`,`model_id`,`type`,`position`,`link_id`,`cover_id`,`display`,`deadline`,`attach`,`view`,`comment`,`extend`,`level`,`create_time`,`update_time`,`status` FROM `onethink_document` WHERE ( `status` = 1 ) AND ( `pid` = 0 ) AND ( `create_time` < 1499391292 ) AND ( deadline = 0 OR deadline > 1499391292 ) ORDER BY `id` DESC  [ RunTime:0.000845s ]
INFO: [ view_parse ] --START--
INFO: [ template_filter ] --START--
INFO: Run Behavior\ContentReplace [ RunTime:0.000102s ]
INFO: [ template_filter ] --END-- [ RunTime:0.000157s ]
SQL: SHOW COLUMNS FROM `onethink_channel` [ RunTime:0.017272s ]
SQL: SELECT `id`,`pid`,`title`,`url`,`sort`,`create_time`,`update_time`,`status`,`target` FROM `onethink_channel` WHERE ( status=1 ) ORDER BY sort  [ RunTime:0.000853s ]
SQL: SELECT `id`,`name`,`title`,`pid`,`sort`,`list_row`,`meta_title`,`keywords`,`description`,`template_index`,`template_lists`,`template_detail`,`template_edit`,`model`,`type`,`link_id`,`allow_publish`,`display`,`reply`,`check`,`reply_model`,`extend`,`create_time`,`update_time`,`status`,`icon` FROM `onethink_category` WHERE ( `id` = 1 ) LIMIT 1   [ RunTime:0.001814s ]
SQL: SELECT `id`,`name`,`pid`,`title`,`link_id` FROM `onethink_category` WHERE ( `status` = 1 ) ORDER BY sort  [ RunTime:0.000755s ]
INFO: [ view_parse ] --START--
INFO: [ template_filter ] --START--
INFO: Run Behavior\ContentReplace [ RunTime:0.000032s ]
INFO: [ template_filter ] --END-- [ RunTime:-0.028817s ]
INFO: Run Behavior\ParseTemplate [ RunTime:0.005032s ]
INFO: [ view_parse ] --END-- [ RunTime:0.005118s ]
INFO: [ view_filter ] --START--
INFO: Run Behavior\WriteHtmlCache [ RunTime:0.000241s ]
INFO: [ view_filter ] --END-- [ RunTime:0.000306s ]
SQL: SELECT `id`,`name`,`title`,`pid`,`sort`,`list_row`,`meta_title`,`keywords`,`description`,`template_index`,`template_lists`,`template_detail`,`template_edit`,`model`,`type`,`link_id`,`allow_publish`,`display`,`reply`,`check`,`reply_model`,`extend`,`create_time`,`update_time`,`status`,`icon` FROM `onethink_category` WHERE ( `id` = 1 ) LIMIT 1   [ RunTime:0.000908s ]
SQL: SELECT `id`,`name`,`pid`,`title`,`link_id` FROM `onethink_category` WHERE ( `status` = 1 ) ORDER BY sort  [ RunTime:0.000553s ]
SQL: SELECT `id`,`uid`,`name`,`title`,`category_id`,`description`,`root`,`pid`,`model_id`,`type`,`position`,`link_id`,`cover_id`,`display`,`deadline`,`attach`,`view`,`comment`,`extend`,`level`,`create_time`,`update_time`,`status` FROM `onethink_document` WHERE ( `status` = 1 ) AND ( `pid` = 0 ) AND ( `category_id` = 2 ) AND ( `create_time` < 1499391292 ) AND ( deadline = 0 OR deadline > 1499391292 ) ORDER BY `level` DESC,`id` DESC LIMIT 0,10   [ RunTime:0.000881s ]
INFO: Run Behavior\ParseTemplate [ RunTime:0.009520s ]
INFO: [ view_parse ] --END-- [ RunTime:0.005118s ]
INFO: [ view_filter ] --START--
INFO: Run Behavior\WriteHtmlCache [ RunTime:0.000011s ]
INFO: [ view_filter ] --END-- [ RunTime:-0.004137s ]
INFO: [ app_end ] --START--
INFO: Run Behavior\ShowPageTrace [ RunTime:0.000412s ]
INFO: [ app_end ] --END-- [ RunTime:0.000450s ]

[ 2017-07-07T09:35:02+08:00 ] 127.0.0.1 /index.php?s=/Admin/Sale/add.html
INFO: [ app_begin ] --START--
INFO: Run Behavior\ReadHtmlCache [ RunTime:0.000324s ]
INFO: [ app_begin ] --END-- [ RunTime:0.000602s ]
SQL: SHOW COLUMNS FROM `onethink_menu` [ RunTime:0.016920s ]
SQL: SELECT * FROM `onethink_menu` WHERE ( `pid` = 0 ) AND ( `hide` = 0 ) ORDER BY sort asc  [ RunTime:0.000568s ]
SQL: SELECT `id` FROM `onethink_menu` WHERE ( url like '%Sale/add%' ) LIMIT 1   [ RunTime:0.000401s ]
SQL: SHOW COLUMNS FROM `onethink_menu` [ RunTime:0.005939s ]
SQL: SELECT `id`,`pid`,`title` FROM `onethink_menu` WHERE ( id=126 ) LIMIT 1   [ RunTime:0.000987s ]
SQL: SELECT `id`,`pid`,`title` FROM `onethink_menu` WHERE ( id=125 ) LIMIT 1   [ RunTime:0.000387s ]
SQL: SELECT `id`,`pid`,`title` FROM `onethink_menu` WHERE ( id=122 ) LIMIT 1   [ RunTime:0.000414s ]
SQL: SELECT DISTINCT  `group` FROM `onethink_menu` WHERE ( pid = 122 )  [ RunTime:0.000786s ]
SQL: SELECT `id`,`url` FROM `onethink_menu` WHERE ( `pid` = 122 ) AND ( `hide` = 0 )  [ RunTime:0.000890s ]
SQL: SELECT `id`,`pid`,`title`,`url`,`tip` FROM `onethink_menu` WHERE ( `group` = '管理中心' ) AND ( `pid` = 122 ) AND ( `hide` = 0 ) ORDER BY sort asc  [ RunTime:0.000609s ]
SQL: SHOW COLUMNS FROM `onethink_sale` [ RunTime:0.010139s ]
NOTIC: [2] preg_match(): Delimiter must not be alphanumeric or backslash F:\onethink\ThinkPHP\Library\Think\Model.class.php 第 948 行.

[ 2017-07-07T09:35:03+08:00 ] 127.0.0.1 /index.php?s=/Admin/Sale/add.html
INFO: [ app_begin ] --START--
INFO: Run Behavior\ReadHtmlCache [ RunTime:0.000331s ]
INFO: [ app_begin ] --END-- [ RunTime:0.000619s ]
SQL: SHOW COLUMNS FROM `onethink_menu` [ RunTime:0.015154s ]
SQL: SELECT * FROM `onethink_menu` WHERE ( `pid` = 0 ) AND ( `hide` = 0 ) ORDER BY sort asc  [ RunTime:0.000814s ]
SQL: SELECT `id` FROM `onethink_menu` WHERE ( url like '%Sale/add%' ) LIMIT 1   [ RunTime:0.000637s ]
SQL: SHOW COLUMNS FROM `onethink_menu` [ RunTime:0.006401s ]
SQL: SELECT `id`,`pid`,`title` FROM `onethink_menu` WHERE ( id=126 ) LIMIT 1   [ RunTime:0.000613s ]
SQL: SELECT `id`,`pid`,`title` FROM `onethink_menu` WHERE ( id=125 ) LIMIT 1   [ RunTime:0.000488s ]
SQL: SELECT `id`,`pid`,`title` FROM `onethink_menu` WHERE ( id=122 ) LIMIT 1   [ RunTime:0.000453s ]
SQL: SELECT DISTINCT  `group` FROM `onethink_menu` WHERE ( pid = 122 )  [ RunTime:0.000659s ]
SQL: SELECT `id`,`url` FROM `onethink_menu` WHERE ( `pid` = 122 ) AND ( `hide` = 0 )  [ RunTime:0.000534s ]
SQL: SELECT `id`,`pid`,`title`,`url`,`tip` FROM `onethink_menu` WHERE ( `group` = '管理中心' ) AND ( `pid` = 122 ) AND ( `hide` = 0 ) ORDER BY sort asc  [ RunTime:0.000802s ]
SQL: SHOW COLUMNS FROM `onethink_sale` [ RunTime:0.009862s ]
NOTIC: [2] preg_match(): Delimiter must not be alphanumeric or backslash F:\onethink\ThinkPHP\Library\Think\Model.class.php 第 948 行.

[ 2017-07-07T09:35:13+08:00 ] 127.0.0.1 /index.php?s=/Admin/Sale/add.html
INFO: [ app_begin ] --START--
INFO: Run Behavior\ReadHtmlCache [ RunTime:0.000495s ]
INFO: [ app_begin ] --END-- [ RunTime:0.000802s ]
SQL: SHOW COLUMNS FROM `onethink_menu` [ RunTime:0.013733s ]
SQL: SELECT * FROM `onethink_menu` WHERE ( `pid` = 0 ) AND ( `hide` = 0 ) ORDER BY sort asc  [ RunTime:0.000798s ]
SQL: SELECT `id` FROM `onethink_menu` WHERE ( url like '%Sale/add%' ) LIMIT 1   [ RunTime:0.000534s ]
SQL: SHOW COLUMNS FROM `onethink_menu` [ RunTime:0.006470s ]
SQL: SELECT `id`,`pid`,`title` FROM `onethink_menu` WHERE ( id=126 ) LIMIT 1   [ RunTime:0.000521s ]
SQL: SELECT `id`,`pid`,`title` FROM `onethink_menu` WHERE ( id=125 ) LIMIT 1   [ RunTime:0.000405s ]
SQL: SELECT `id`,`pid`,`title` FROM `onethink_menu` WHERE ( id=122 ) LIMIT 1   [ RunTime:0.000459s ]
SQL: SELECT DISTINCT  `group` FROM `onethink_menu` WHERE ( pid = 122 )  [ RunTime:0.000619s ]
SQL: SELECT `id`,`url` FROM `onethink_menu` WHERE ( `pid` = 122 ) AND ( `hide` = 0 )  [ RunTime:0.000473s ]
SQL: SELECT `id`,`pid`,`title`,`url`,`tip` FROM `onethink_menu` WHERE ( `group` = '管理中心' ) AND ( `pid` = 122 ) AND ( `hide` = 0 ) ORDER BY sort asc  [ RunTime:0.000500s ]
SQL: SHOW COLUMNS FROM `onethink_sale` [ RunTime:0.009811s ]
NOTIC: [2] preg_match(): Delimiter must not be alphanumeric or backslash F:\onethink\ThinkPHP\Library\Think\Model.class.php 第 948 行.

[ 2017-07-07T09:35:14+08:00 ] 127.0.0.1 /index.php?s=/Admin/Sale/add.html
INFO: [ app_begin ] --START--
INFO: Run Behavior\ReadHtmlCache [ RunTime:0.000551s ]
INFO: [ app_begin ] --END-- [ RunTime:0.000861s ]
SQL: SHOW COLUMNS FROM `onethink_menu` [ RunTime:0.013668s ]
SQL: SELECT * FROM `onethink_menu` WHERE ( `pid` = 0 ) AND ( `hide` = 0 ) ORDER BY sort asc  [ RunTime:0.000958s ]
SQL: SELECT `id` FROM `onethink_menu` WHERE ( url like '%Sale/add%' ) LIMIT 1   [ RunTime:0.000674s ]
SQL: SHOW COLUMNS FROM `onethink_menu` [ RunTime:0.007222s ]
SQL: SELECT `id`,`pid`,`title` FROM `onethink_menu` WHERE ( id=126 ) LIMIT 1   [ RunTime:0.000615s ]
SQL: SELECT `id`,`pid`,`title` FROM `onethink_menu` WHERE ( id=125 ) LIMIT 1   [ RunTime:0.000488s ]
SQL: SELECT `id`,`pid`,`title` FROM `onethink_menu` WHERE ( id=122 ) LIMIT 1   [ RunTime:0.000488s ]
SQL: SELECT DISTINCT  `group` FROM `onethink_menu` WHERE ( pid = 122 )  [ RunTime:0.000687s ]
SQL: SELECT `id`,`url` FROM `onethink_menu` WHERE ( `pid` = 122 ) AND ( `hide` = 0 )  [ RunTime:0.000468s ]
SQL: SELECT `id`,`pid`,`title`,`url`,`tip` FROM `onethink_menu` WHERE ( `group` = '管理中心' ) AND ( `pid` = 122 ) AND ( `hide` = 0 ) ORDER BY sort asc  [ RunTime:0.000519s ]
SQL: SHOW COLUMNS FROM `onethink_sale` [ RunTime:0.009864s ]
NOTIC: [2] preg_match(): Delimiter must not be alphanumeric or backslash F:\onethink\ThinkPHP\Library\Think\Model.class.php 第 948 行.

[ 2017-07-07T09:35:15+08:00 ] 127.0.0.1 /index.php?s=/Admin/Sale/add.html
SQL: SHOW COLUMNS FROM `onethink_menu` [ RunTime:0.014704s ]
SQL: SELECT * FROM `onethink_menu` WHERE ( `pid` = 0 ) AND ( `hide` = 0 ) ORDER BY sort asc  [ RunTime:0.000768s ]
SQL: SELECT `id` FROM `onethink_menu` WHERE ( url like '%Sale/add%' ) LIMIT 1   [ RunTime:0.000525s ]
SQL: SHOW COLUMNS FROM `onethink_menu` [ RunTime:0.007229s ]
SQL: SELECT `id`,`pid`,`title` FROM `onethink_menu` WHERE ( id=126 ) LIMIT 1   [ RunTime:0.000791s ]
SQL: SELECT `id`,`pid`,`title` FROM `onethink_menu` WHERE ( id=125 ) LIMIT 1   [ RunTime:0.000733s ]
SQL: SELECT `id`,`pid`,`title` FROM `onethink_menu` WHERE ( id=122 ) LIMIT 1   [ RunTime:0.000489s ]
SQL: SELECT DISTINCT  `group` FROM `onethink_menu` WHERE ( pid = 122 )  [ RunTime:0.000595s ]
SQL: SELECT `id`,`url` FROM `onethink_menu` WHERE ( `pid` = 122 ) AND ( `hide` = 0 )  [ RunTime:0.000478s ]
SQL: SELECT `id`,`pid`,`title`,`url`,`tip` FROM `onethink_menu` WHERE ( `group` = '管理中心' ) AND ( `pid` = 122 ) AND ( `hide` = 0 ) ORDER BY sort asc  [ RunTime:0.000565s ]
INFO: [ view_parse ] --START--
INFO: [ template_filter ] --START--
INFO: Run Behavior\ContentReplace [ RunTime:0.000318s ]
INFO: [ template_filter ] --END-- [ RunTime:0.000415s ]
NOTIC: [8] Undefined variable: meta_title F:\onethink\Runtime\Cache\Admin\b5f80cfc7e87357a1334407e6abefe5e.php 第 5 行.
NOTIC: [8] Undefined variable: date F:\onethink\Runtime\Cache\Admin\b5f80cfc7e87357a1334407e6abefe5e.php 第 112 行.
NOTIC: [8] Undefined variable: date F:\onethink\Runtime\Cache\Admin\b5f80cfc7e87357a1334407e6abefe5e.php 第 117 行.
NOTIC: [8] Undefined variable: date F:\onethink\Runtime\Cache\Admin\b5f80cfc7e87357a1334407e6abefe5e.php 第 123 行.
NOTIC: [8] Undefined variable: date F:\onethink\Runtime\Cache\Admin\b5f80cfc7e87357a1334407e6abefe5e.php 第 126 行.
NOTIC: [8] Undefined variable: date F:\onethink\Runtime\Cache\Admin\b5f80cfc7e87357a1334407e6abefe5e.php 第 127 行.
NOTIC: [8] Undefined variable: date F:\onethink\Runtime\Cache\Admin\b5f80cfc7e87357a1334407e6abefe5e.php 第 136 行.
NOTIC: [8] Undefined variable: date F:\onethink\Runtime\Cache\Admin\b5f80cfc7e87357a1334407e6abefe5e.php 第 137 行.
NOTIC: [8] Undefined variable: date F:\onethink\Runtime\Cache\Admin\b5f80cfc7e87357a1334407e6abefe5e.php 第 143 行.
NOTIC: [8] Undefined variable: date F:\onethink\Runtime\Cache\Admin\b5f80cfc7e87357a1334407e6abefe5e.php 第 185 行.
NOTIC: [8] Undefined variable: date F:\onethink\Runtime\Cache\Admin\b5f80cfc7e87357a1334407e6abefe5e.php 第 227 行.
NOTIC: [8] Undefined variable: date F:\onethink\Runtime\Cache\Admin\b5f80cfc7e87357a1334407e6abefe5e.php 第 233 行.
NOTIC: [8] Undefined variable: date F:\onethink\Runtime\Cache\Admin\b5f80cfc7e87357a1334407e6abefe5e.php 第 238 行.
INFO: Run Behavior\ParseTemplate [ RunTime:0.155751s ]
INFO: [ view_parse ] --END-- [ RunTime:0.155802s ]
INFO: [ view_filter ] --START--
INFO: Run Behavior\WriteHtmlCache [ RunTime:0.000246s ]
INFO: [ view_filter ] --END-- [ RunTime:0.000284s ]
INFO: [ app_end ] --START--
INFO: Run Behavior\ShowPageTrace [ RunTime:0.000583s ]
INFO: [ app_end ] --END-- [ RunTime:0.000656s ]

[ 2017-07-07T09:35:15+08:00 ] 127.0.0.1 /
SQL: SHOW COLUMNS FROM `onethink_category` [ RunTime:0.019536s ]
SQL: SELECT `id`,`name`,`title`,`pid`,`sort`,`list_row`,`meta_title`,`keywords`,`description`,`template_index`,`template_lists`,`template_detail`,`template_edit`,`model`,`type`,`link_id`,`allow_publish`,`display`,`reply`,`check`,`reply_model`,`extend`,`create_time`,`update_time`,`status`,`icon` FROM `onethink_category` WHERE ( `status` = 1 ) ORDER BY sort  [ RunTime:0.001079s ]
SQL: SHOW COLUMNS FROM `onethink_document` [ RunTime:0.027916s ]
SQL: SELECT `id`,`uid`,`name`,`title`,`category_id`,`description`,`root`,`pid`,`model_id`,`type`,`position`,`link_id`,`cover_id`,`display`,`deadline`,`attach`,`view`,`comment`,`extend`,`level`,`create_time`,`update_time`,`status` FROM `onethink_document` WHERE ( `status` = 1 ) AND ( `pid` = 0 ) AND ( `create_time` < 1499391315 ) AND ( deadline = 0 OR deadline > 1499391315 ) ORDER BY `id` DESC  [ RunTime:0.001748s ]
INFO: [ view_parse ] --START--
INFO: [ template_filter ] --START--
INFO: Run Behavior\ContentReplace [ RunTime:0.000155s ]
INFO: [ template_filter ] --END-- [ RunTime:0.000254s ]
SQL: SHOW COLUMNS FROM `onethink_channel` [ RunTime:0.016761s ]
SQL: SELECT `id`,`pid`,`title`,`url`,`sort`,`create_time`,`update_time`,`status`,`target` FROM `onethink_channel` WHERE ( status=1 ) ORDER BY sort  [ RunTime:0.000953s ]
SQL: SELECT `id`,`name`,`title`,`pid`,`sort`,`list_row`,`meta_title`,`keywords`,`description`,`template_index`,`template_lists`,`template_detail`,`template_edit`,`model`,`type`,`link_id`,`allow_publish`,`display`,`reply`,`check`,`reply_model`,`extend`,`create_time`,`update_time`,`status`,`icon` FROM `onethink_category` WHERE ( `id` = 1 ) LIMIT 1   [ RunTime:0.002030s ]
SQL: SELECT `id`,`name`,`pid`,`title`,`link_id` FROM `onethink_category` WHERE ( `status` = 1 ) ORDER BY sort  [ RunTime:0.001150s ]
INFO: [ view_parse ] --START--
INFO: [ template_filter ] --START--
INFO: Run Behavior\ContentReplace [ RunTime:0.000035s ]
INFO: [ template_filter ] --END-- [ RunTime:-0.029012s ]
INFO: Run Behavior\ParseTemplate [ RunTime:0.003769s ]
INFO: [ view_parse ] --END-- [ RunTime:0.003837s ]
INFO: [ view_filter ] --START--
INFO: Run Behavior\WriteHtmlCache [ RunTime:0.000203s ]
INFO: [ view_filter ] --END-- [ RunTime:0.000243s ]
SQL: SELECT `id`,`name`,`title`,`pid`,`sort`,`list_row`,`meta_title`,`keywords`,`description`,`template_index`,`template_lists`,`template_detail`,`template_edit`,`model`,`type`,`link_id`,`allow_publish`,`display`,`reply`,`check`,`reply_model`,`extend`,`create_time`,`update_time`,`status`,`icon` FROM `onethink_category` WHERE ( `id` = 1 ) LIMIT 1   [ RunTime:0.000970s ]
SQL: SELECT `id`,`name`,`pid`,`title`,`link_id` FROM `onethink_category` WHERE ( `status` = 1 ) ORDER BY sort  [ RunTime:0.000719s ]
SQL: SELECT `id`,`uid`,`name`,`title`,`category_id`,`description`,`root`,`pid`,`model_id`,`type`,`position`,`link_id`,`cover_id`,`display`,`deadline`,`attach`,`view`,`comment`,`extend`,`level`,`create_time`,`update_time`,`status` FROM `onethink_document` WHERE ( `status` = 1 ) AND ( `pid` = 0 ) AND ( `category_id` = 2 ) AND ( `create_time` < 1499391315 ) AND ( deadline = 0 OR deadline > 1499391315 ) ORDER BY `level` DESC,`id` DESC LIMIT 0,10   [ RunTime:0.000739s ]
INFO: Run Behavior\ParseTemplate [ RunTime:0.007903s ]
INFO: [ view_parse ] --END-- [ RunTime:0.003837s ]
INFO: [ view_filter ] --START--
INFO: Run Behavior\WriteHtmlCache [ RunTime:0.000015s ]
INFO: [ view_filter ] --END-- [ RunTime:-0.003900s ]
INFO: [ app_end ] --START--
INFO: Run Behavior\ShowPageTrace [ RunTime:0.000458s ]
INFO: [ app_end ] --END-- [ RunTime:0.000507s ]

[ 2017-07-07T09:35:27+08:00 ] 127.0.0.1 /index.php?s=/Admin/Sale/add.html
INFO: [ app_begin ] --START--
INFO: Run Behavior\ReadHtmlCache [ RunTime:0.000359s ]
INFO: [ app_begin ] --END-- [ RunTime:0.000702s ]
SQL: SHOW COLUMNS FROM `onethink_menu` [ RunTime:0.016485s ]
SQL: SELECT * FROM `onethink_menu` WHERE ( `pid` = 0 ) AND ( `hide` = 0 ) ORDER BY sort asc  [ RunTime:0.000805s ]
SQL: SELECT `id` FROM `onethink_menu` WHERE ( url like '%Sale/add%' ) LIMIT 1   [ RunTime:0.001161s ]
SQL: SHOW COLUMNS FROM `onethink_menu` [ RunTime:0.007056s ]
SQL: SELECT `id`,`pid`,`title` FROM `onethink_menu` WHERE ( id=126 ) LIMIT 1   [ RunTime:0.000434s ]
SQL: SELECT `id`,`pid`,`title` FROM `onethink_menu` WHERE ( id=125 ) LIMIT 1   [ RunTime:0.000331s ]
SQL: SELECT `id`,`pid`,`title` FROM `onethink_menu` WHERE ( id=122 ) LIMIT 1   [ RunTime:0.000285s ]
SQL: SELECT DISTINCT  `group` FROM `onethink_menu` WHERE ( pid = 122 )  [ RunTime:0.000486s ]
SQL: SELECT `id`,`url` FROM `onethink_menu` WHERE ( `pid` = 122 ) AND ( `hide` = 0 )  [ RunTime:0.000354s ]
SQL: SELECT `id`,`pid`,`title`,`url`,`tip` FROM `onethink_menu` WHERE ( `group` = '管理中心' ) AND ( `pid` = 122 ) AND ( `hide` = 0 ) ORDER BY sort asc  [ RunTime:0.000404s ]
SQL: SHOW COLUMNS FROM `onethink_sale` [ RunTime:0.010846s ]
NOTIC: [2] preg_match(): Delimiter must not be alphanumeric or backslash F:\onethink\ThinkPHP\Library\Think\Model.class.php 第 948 行.

[ 2017-07-07T09:35:28+08:00 ] 127.0.0.1 /index.php?s=/Admin/Sale/add.html
INFO: [ app_begin ] --START--
INFO: Run Behavior\ReadHtmlCache [ RunTime:0.000321s ]
INFO: [ app_begin ] --END-- [ RunTime:0.000590s ]
SQL: SHOW COLUMNS FROM `onethink_menu` [ RunTime:0.013930s ]
SQL: SELECT * FROM `onethink_menu` WHERE ( `pid` = 0 ) AND ( `hide` = 0 ) ORDER BY sort asc  [ RunTime:0.000849s ]
SQL: SELECT `id` FROM `onethink_menu` WHERE ( url like '%Sale/add%' ) LIMIT 1   [ RunTime:0.000672s ]
SQL: SHOW COLUMNS FROM `onethink_menu` [ RunTime:0.008031s ]
SQL: SELECT `id`,`pid`,`title` FROM `onethink_menu` WHERE ( id=126 ) LIMIT 1   [ RunTime:0.000647s ]
SQL: SELECT `id`,`pid`,`title` FROM `onethink_menu` WHERE ( id=125 ) LIMIT 1   [ RunTime:0.000518s ]
SQL: SELECT `id`,`pid`,`title` FROM `onethink_menu` WHERE ( id=122 ) LIMIT 1   [ RunTime:0.000445s ]
SQL: SELECT DISTINCT  `group` FROM `onethink_menu` WHERE ( pid = 122 )  [ RunTime:0.000703s ]
SQL: SELECT `id`,`url` FROM `onethink_menu` WHERE ( `pid` = 122 ) AND ( `hide` = 0 )  [ RunTime:0.000479s ]
SQL: SELECT `id`,`pid`,`title`,`url`,`tip` FROM `onethink_menu` WHERE ( `group` = '管理中心' ) AND ( `pid` = 122 ) AND ( `hide` = 0 ) ORDER BY sort asc  [ RunTime:0.000614s ]
SQL: SHOW COLUMNS FROM `onethink_sale` [ RunTime:0.038895s ]
NOTIC: [2] preg_match(): Delimiter must not be alphanumeric or backslash F:\onethink\ThinkPHP\Library\Think\Model.class.php 第 948 行.

[ 2017-07-07T09:35:41+08:00 ] 127.0.0.1 /index.php?s=/Admin/Sale/add.html
INFO: [ app_begin ] --START--
INFO: Run Behavior\ReadHtmlCache [ RunTime:0.000409s ]
INFO: [ app_begin ] --END-- [ RunTime:0.000714s ]
SQL: SHOW COLUMNS FROM `onethink_menu` [ RunTime:0.015893s ]
SQL: SELECT * FROM `onethink_menu` WHERE ( `pid` = 0 ) AND ( `hide` = 0 ) ORDER BY sort asc  [ RunTime:0.001024s ]
SQL: SELECT `id` FROM `onethink_menu` WHERE ( url like '%Sale/add%' ) LIMIT 1   [ RunTime:0.000804s ]
SQL: SHOW COLUMNS FROM `onethink_menu` [ RunTime:0.008315s ]
SQL: SELECT `id`,`pid`,`title` FROM `onethink_menu` WHERE ( id=126 ) LIMIT 1   [ RunTime:0.000704s ]
SQL: SELECT `id`,`pid`,`title` FROM `onethink_menu` WHERE ( id=125 ) LIMIT 1   [ RunTime:0.000548s ]
SQL: SELECT `id`,`pid`,`title` FROM `onethink_menu` WHERE ( id=122 ) LIMIT 1   [ RunTime:0.000550s ]
SQL: SELECT DISTINCT  `group` FROM `onethink_menu` WHERE ( pid = 122 )  [ RunTime:0.000779s ]
SQL: SELECT `id`,`url` FROM `onethink_menu` WHERE ( `pid` = 122 ) AND ( `hide` = 0 )  [ RunTime:0.000765s ]
SQL: SELECT `id`,`pid`,`title`,`url`,`tip` FROM `onethink_menu` WHERE ( `group` = '管理中心' ) AND ( `pid` = 122 ) AND ( `hide` = 0 ) ORDER BY sort asc  [ RunTime:0.000788s ]
SQL: SHOW COLUMNS FROM `onethink_sale` [ RunTime:0.010898s ]

[ 2017-07-07T09:35:42+08:00 ] 127.0.0.1 /index.php?s=/Admin/Sale/add.html
INFO: [ app_begin ] --START--
INFO: Run Behavior\ReadHtmlCache [ RunTime:0.000332s ]
INFO: [ app_begin ] --END-- [ RunTime:0.000611s ]
SQL: SHOW COLUMNS FROM `onethink_menu` [ RunTime:0.014770s ]
SQL: SELECT * FROM `onethink_menu` WHERE ( `pid` = 0 ) AND ( `hide` = 0 ) ORDER BY sort asc  [ RunTime:0.000910s ]
SQL: SELECT `id` FROM `onethink_menu` WHERE ( url like '%Sale/add%' ) LIMIT 1   [ RunTime:0.000735s ]
SQL: SHOW COLUMNS FROM `onethink_menu` [ RunTime:0.006781s ]
SQL: SELECT `id`,`pid`,`title` FROM `onethink_menu` WHERE ( id=126 ) LIMIT 1   [ RunTime:0.000652s ]
SQL: SELECT `id`,`pid`,`title` FROM `onethink_menu` WHERE ( id=125 ) LIMIT 1   [ RunTime:0.000583s ]
SQL: SELECT `id`,`pid`,`title` FROM `onethink_menu` WHERE ( id=122 ) LIMIT 1   [ RunTime:0.000510s ]
SQL: SELECT DISTINCT  `group` FROM `onethink_menu` WHERE ( pid = 122 )  [ RunTime:0.000704s ]
SQL: SELECT `id`,`url` FROM `onethink_menu` WHERE ( `pid` = 122 ) AND ( `hide` = 0 )  [ RunTime:0.000498s ]
SQL: SELECT `id`,`pid`,`title`,`url`,`tip` FROM `onethink_menu` WHERE ( `group` = '管理中心' ) AND ( `pid` = 122 ) AND ( `hide` = 0 ) ORDER BY sort asc  [ RunTime:0.000540s ]
SQL: SHOW COLUMNS FROM `onethink_sale` [ RunTime:0.010479s ]

[ 2017-07-07T09:35:47+08:00 ] 127.0.0.1 /index.php?s=/Admin/File/uploadPicture/session_id/tqvqk7t41uceolbnkj40mrdt34.html
SQL: SHOW COLUMNS FROM `onethink_menu` [ RunTime:0.014325s ]
SQL: SELECT * FROM `onethink_menu` WHERE ( `pid` = 0 ) AND ( `hide` = 0 ) ORDER BY sort asc  [ RunTime:0.000778s ]
SQL: SELECT `id` FROM `onethink_menu` WHERE ( url like '%File/uploadpicture%' ) LIMIT 1   [ RunTime:0.000400s ]
SQL: SHOW COLUMNS FROM `onethink_picture` [ RunTime:0.028095s ]
SQL: SELECT `id`,`path`,`url`,`md5`,`sha1`,`status`,`create_time` FROM `onethink_picture` WHERE ( `md5` = 'ad963d3cecd1fc256e280530938e787e' ) AND ( `sha1` = '500ddaf8e9ecab4b7d37b1ba84dfde596d58e122' ) LIMIT 1   [ RunTime:0.000605s ]

[ 2017-07-07T09:35:49+08:00 ] 127.0.0.1 /index.php?s=/Admin/Sale/add.html
INFO: [ app_begin ] --START--
INFO: Run Behavior\ReadHtmlCache [ RunTime:0.000629s ]
INFO: [ app_begin ] --END-- [ RunTime:0.001064s ]
SQL: SHOW COLUMNS FROM `onethink_menu` [ RunTime:0.014156s ]
SQL: SELECT * FROM `onethink_menu` WHERE ( `pid` = 0 ) AND ( `hide` = 0 ) ORDER BY sort asc  [ RunTime:0.001015s ]
SQL: SELECT `id` FROM `onethink_menu` WHERE ( url like '%Sale/add%' ) LIMIT 1   [ RunTime:0.000717s ]
SQL: SHOW COLUMNS FROM `onethink_menu` [ RunTime:0.006459s ]
SQL: SELECT `id`,`pid`,`title` FROM `onethink_menu` WHERE ( id=126 ) LIMIT 1   [ RunTime:0.000598s ]
SQL: SELECT `id`,`pid`,`title` FROM `onethink_menu` WHERE ( id=125 ) LIMIT 1   [ RunTime:0.000498s ]
SQL: SELECT `id`,`pid`,`title` FROM `onethink_menu` WHERE ( id=122 ) LIMIT 1   [ RunTime:0.000477s ]
SQL: SELECT DISTINCT  `group` FROM `onethink_menu` WHERE ( pid = 122 )  [ RunTime:0.001723s ]
SQL: SELECT `id`,`url` FROM `onethink_menu` WHERE ( `pid` = 122 ) AND ( `hide` = 0 )  [ RunTime:0.001016s ]
SQL: SELECT `id`,`pid`,`title`,`url`,`tip` FROM `onethink_menu` WHERE ( `group` = '管理中心' ) AND ( `pid` = 122 ) AND ( `hide` = 0 ) ORDER BY sort asc  [ RunTime:0.000784s ]
SQL: SHOW COLUMNS FROM `onethink_sale` [ RunTime:0.011232s ]
SQL: INSERT INTO `onethink_sale` (`id`,`title`,`price`,`unit`,`type`,`img`,`content`,`describe`,`end_time`,`tel`,`time`,`username`) VALUES (0,'poilukyjth','87654',0,1,'/Uploads/Picture/2017-07-06/595e0fd4c7459.jpg','rdfgvbn','lkjhgf','2017-07-15 09:35','908765',1499391349,'admin') [ RunTime:0.075168s ]

[ 2017-07-07T09:35:50+08:00 ] 127.0.0.1 /index.php?s=/Admin/Sale/add.html
INFO: [ app_begin ] --START--
INFO: Run Behavior\ReadHtmlCache [ RunTime:0.000928s ]
INFO: [ app_begin ] --END-- [ RunTime:0.001565s ]
SQL: SHOW COLUMNS FROM `onethink_menu` [ RunTime:0.014652s ]
SQL: SELECT * FROM `onethink_menu` WHERE ( `pid` = 0 ) AND ( `hide` = 0 ) ORDER BY sort asc  [ RunTime:0.000698s ]
SQL: SELECT `id` FROM `onethink_menu` WHERE ( url like '%Sale/add%' ) LIMIT 1   [ RunTime:0.000470s ]
SQL: SHOW COLUMNS FROM `onethink_menu` [ RunTime:0.006925s ]
SQL: SELECT `id`,`pid`,`title` FROM `onethink_menu` WHERE ( id=126 ) LIMIT 1   [ RunTime:0.000555s ]
SQL: SELECT `id`,`pid`,`title` FROM `onethink_menu` WHERE ( id=125 ) LIMIT 1   [ RunTime:0.000562s ]
SQL: SELECT `id`,`pid`,`title` FROM `onethink_menu` WHERE ( id=122 ) LIMIT 1   [ RunTime:0.000444s ]
SQL: SELECT DISTINCT  `group` FROM `onethink_menu` WHERE ( pid = 122 )  [ RunTime:0.000672s ]
SQL: SELECT `id`,`url` FROM `onethink_menu` WHERE ( `pid` = 122 ) AND ( `hide` = 0 )  [ RunTime:0.000522s ]
SQL: SELECT `id`,`pid`,`title`,`url`,`tip` FROM `onethink_menu` WHERE ( `group` = '管理中心' ) AND ( `pid` = 122 ) AND ( `hide` = 0 ) ORDER BY sort asc  [ RunTime:0.000526s ]
SQL: SHOW COLUMNS FROM `onethink_sale` [ RunTime:0.010820s ]
SQL: INSERT INTO `onethink_sale` (`id`,`title`,`price`,`unit`,`type`,`img`,`content`,`describe`,`end_time`,`tel`,`time`,`username`) VALUES (0,'poilukyjth','87654',0,1,'/Uploads/Picture/2017-07-06/595e0fd4c7459.jpg','rdfgvbn','lkjhgf','2017-07-15 09:35','908765',1499391350,'admin') [ RunTime:0.058872s ]

[ 2017-07-07T09:35:50+08:00 ] 127.0.0.1 /index.php?s=/Admin/Sale/index.html
SQL: SHOW COLUMNS FROM `onethink_menu` [ RunTime:0.007269s ]
SQL: SELECT * FROM `onethink_menu` WHERE ( `pid` = 0 ) AND ( `hide` = 0 ) ORDER BY sort asc  [ RunTime:0.000497s ]
SQL: SELECT `id` FROM `onethink_menu` WHERE ( url like '%Sale/index%' ) LIMIT 1   [ RunTime:0.000322s ]
SQL: SHOW COLUMNS FROM `onethink_menu` [ RunTime:0.006595s ]
SQL: SELECT `id`,`pid`,`title` FROM `onethink_menu` WHERE ( id=125 ) LIMIT 1   [ RunTime:0.000312s ]
SQL: SELECT `id`,`pid`,`title` FROM `onethink_menu` WHERE ( id=122 ) LIMIT 1   [ RunTime:0.000200s ]
SQL: SELECT DISTINCT  `group` FROM `onethink_menu` WHERE ( pid = 122 )  [ RunTime:0.000436s ]
SQL: SELECT `id`,`url` FROM `onethink_menu` WHERE ( `pid` = 122 ) AND ( `hide` = 0 )  [ RunTime:0.000261s ]
SQL: SELECT `id`,`pid`,`title`,`url`,`tip` FROM `onethink_menu` WHERE ( `group` = '管理中心' ) AND ( `pid` = 122 ) AND ( `hide` = 0 ) ORDER BY sort asc  [ RunTime:0.000446s ]
SQL: SHOW COLUMNS FROM `onethink_sale` [ RunTime:0.007509s ]
SQL: SELECT * FROM `onethink_sale`  [ RunTime:0.000412s ]
INFO: [ view_parse ] --START--
INFO: [ template_filter ] --START--
INFO: Run Behavior\ContentReplace [ RunTime:0.000213s ]
INFO: [ template_filter ] --END-- [ RunTime:0.000298s ]
NOTIC: [8] Undefined variable: meta_title F:\onethink\Runtime\Cache\Admin\48804f473ae4f64ec9121665b8286f36.php 第 5 行.
INFO: Run Behavior\ParseTemplate [ RunTime:0.092217s ]
INFO: [ view_parse ] --END-- [ RunTime:0.092291s ]
INFO: [ view_filter ] --START--
INFO: Run Behavior\WriteHtmlCache [ RunTime:0.000840s ]
INFO: [ view_filter ] --END-- [ RunTime:0.000889s ]
INFO: [ app_end ] --START--
INFO: Run Behavior\ShowPageTrace [ RunTime:0.001370s ]
INFO: [ app_end ] --END-- [ RunTime:0.001445s ]

[ 2017-07-07T09:36:09+08:00 ] 127.0.0.1 /index.php?s=/Admin/Sale/del/id/21.html
INFO: [ app_begin ] --START--
INFO: Run Behavior\ReadHtmlCache [ RunTime:0.000799s ]
INFO: [ app_begin ] --END-- [ RunTime:0.001368s ]
SQL: SHOW COLUMNS FROM `onethink_menu` [ RunTime:0.018109s ]
SQL: SELECT * FROM `onethink_menu` WHERE ( `pid` = 0 ) AND ( `hide` = 0 ) ORDER BY sort asc  [ RunTime:0.000703s ]
SQL: SELECT `id` FROM `onethink_menu` WHERE ( url like '%Sale/del%' ) LIMIT 1   [ RunTime:0.000506s ]
SQL: SHOW COLUMNS FROM `onethink_sale` [ RunTime:0.011858s ]
SQL: DELETE FROM `onethink_sale` WHERE ( `id` = 21 ) [ RunTime:0.041971s ]

[ 2017-07-07T09:36:11+08:00 ] 127.0.0.1 /index.php?s=/Admin/Sale/index.html
SQL: SHOW COLUMNS FROM `onethink_menu` [ RunTime:0.013349s ]
SQL: SELECT * FROM `onethink_menu` WHERE ( `pid` = 0 ) AND ( `hide` = 0 ) ORDER BY sort asc  [ RunTime:0.000739s ]
SQL: SELECT `id` FROM `onethink_menu` WHERE ( url like '%Sale/index%' ) LIMIT 1   [ RunTime:0.001158s ]
SQL: SHOW COLUMNS FROM `onethink_menu` [ RunTime:0.006837s ]
SQL: SELECT `id`,`pid`,`title` FROM `onethink_menu` WHERE ( id=125 ) LIMIT 1   [ RunTime:0.000569s ]
SQL: SELECT `id`,`pid`,`title` FROM `onethink_menu` WHERE ( id=122 ) LIMIT 1   [ RunTime:0.000422s ]
SQL: SELECT DISTINCT  `group` FROM `onethink_menu` WHERE ( pid = 122 )  [ RunTime:0.000642s ]
SQL: SELECT `id`,`url` FROM `onethink_menu` WHERE ( `pid` = 122 ) AND ( `hide` = 0 )  [ RunTime:0.000530s ]
SQL: SELECT `id`,`pid`,`title`,`url`,`tip` FROM `onethink_menu` WHERE ( `group` = '管理中心' ) AND ( `pid` = 122 ) AND ( `hide` = 0 ) ORDER BY sort asc  [ RunTime:0.000581s ]
SQL: SHOW COLUMNS FROM `onethink_sale` [ RunTime:0.010753s ]
SQL: SELECT * FROM `onethink_sale`  [ RunTime:0.000683s ]
INFO: [ view_parse ] --START--
INFO: [ template_filter ] --START--
INFO: Run Behavior\ContentReplace [ RunTime:0.000246s ]
INFO: [ template_filter ] --END-- [ RunTime:0.000342s ]
NOTIC: [8] Undefined variable: meta_title F:\onethink\Runtime\Cache\Admin\48804f473ae4f64ec9121665b8286f36.php 第 5 行.
INFO: Run Behavior\ParseTemplate [ RunTime:0.081423s ]
INFO: [ view_parse ] --END-- [ RunTime:0.081481s ]
INFO: [ view_filter ] --START--
INFO: Run Behavior\WriteHtmlCache [ RunTime:0.000565s ]
INFO: [ view_filter ] --END-- [ RunTime:0.000627s ]
INFO: [ app_end ] --START--
INFO: Run Behavior\ShowPageTrace [ RunTime:0.001204s ]
INFO: [ app_end ] --END-- [ RunTime:0.001294s ]

